{"/Users/rifkybakar/hactiv8/phase3/week4/c-tracker-SERVER/app.js": {"path":"/Users/rifkybakar/hactiv8/phase3/week4/c-tracker-SERVER/app.js","statementMap":{"0":{"start":{"line":1,"column":0},"end":{"line":1,"column":26}},"1":{"start":{"line":2,"column":16},"end":{"line":2,"column":34}},"2":{"start":{"line":3,"column":12},"end":{"line":3,"column":21}},"3":{"start":{"line":5,"column":16},"end":{"line":5,"column":42}},"4":{"start":{"line":6,"column":11},"end":{"line":6,"column":33}},"5":{"start":{"line":7,"column":21},"end":{"line":7,"column":58}},"6":{"start":{"line":8,"column":13},"end":{"line":8,"column":28}},"7":{"start":{"line":10,"column":0},"end":{"line":10,"column":29}},"8":{"start":{"line":11,"column":0},"end":{"line":11,"column":44}},"9":{"start":{"line":12,"column":0},"end":{"line":12,"column":18}},"10":{"start":{"line":14,"column":0},"end":{"line":14,"column":44}},"11":{"start":{"line":15,"column":0},"end":{"line":15,"column":23}},"12":{"start":{"line":16,"column":0},"end":{"line":16,"column":15}},"13":{"start":{"line":18,"column":0},"end":{"line":18,"column":16}},"14":{"start":{"line":19,"column":0},"end":{"line":19,"column":21}},"15":{"start":{"line":25,"column":0},"end":{"line":25,"column":20}}},"fnMap":{},"branchMap":{},"s":{"0":4,"1":4,"2":4,"3":4,"4":4,"5":4,"6":4,"7":4,"8":4,"9":4,"10":4,"11":4,"12":4,"13":4,"14":4,"15":4},"f":{},"b":{},"_coverageSchema":"1a1c01bbd47fc00a2c39e90264f33305004495a9","hash":"609261e9145bc30bbdd0d08502d5b412a57b2164"}
,"/Users/rifkybakar/hactiv8/phase3/week4/c-tracker-SERVER/controllers/HospitalControllers.js": {"path":"/Users/rifkybakar/hactiv8/phase3/week4/c-tracker-SERVER/controllers/HospitalControllers.js","statementMap":{"0":{"start":{"line":1,"column":66},"end":{"line":1,"column":87}},"1":{"start":{"line":2,"column":22},"end":{"line":2,"column":50}},"2":{"start":{"line":3,"column":24},"end":{"line":3,"column":49}},"3":{"start":{"line":4,"column":15},"end":{"line":4,"column":35}},"4":{"start":{"line":5,"column":15},"end":{"line":5,"column":32}},"5":{"start":{"line":6,"column":29},"end":{"line":6,"column":63}},"6":{"start":{"line":10,"column":34},"end":{"line":10,"column":42}},"7":{"start":{"line":11,"column":8},"end":{"line":32,"column":9}},"8":{"start":{"line":12,"column":25},"end":{"line":12,"column":65}},"9":{"start":{"line":13,"column":12},"end":{"line":28,"column":13}},"10":{"start":{"line":14,"column":16},"end":{"line":14,"column":47}},"11":{"start":{"line":16,"column":36},"end":{"line":16,"column":72}},"12":{"start":{"line":17,"column":16},"end":{"line":27,"column":17}},"13":{"start":{"line":18,"column":20},"end":{"line":18,"column":51}},"14":{"start":{"line":20,"column":34},"end":{"line":24,"column":21}},"15":{"start":{"line":25,"column":34},"end":{"line":25,"column":56}},"16":{"start":{"line":26,"column":20},"end":{"line":26,"column":96}},"17":{"start":{"line":30,"column":12},"end":{"line":30,"column":28}},"18":{"start":{"line":31,"column":12},"end":{"line":31,"column":21}},"19":{"start":{"line":36,"column":21},"end":{"line":36,"column":31}},"20":{"start":{"line":37,"column":8},"end":{"line":51,"column":9}},"21":{"start":{"line":38,"column":29},"end":{"line":38,"column":66}},"22":{"start":{"line":39,"column":12},"end":{"line":48,"column":13}},"23":{"start":{"line":40,"column":16},"end":{"line":40,"column":46}},"24":{"start":{"line":42,"column":16},"end":{"line":47,"column":18}},"25":{"start":{"line":50,"column":12},"end":{"line":50,"column":21}},"26":{"start":{"line":54,"column":56},"end":{"line":54,"column":64}},"27":{"start":{"line":55,"column":8},"end":{"line":100,"column":9}},"28":{"start":{"line":56,"column":37},"end":{"line":56,"column":87}},"29":{"start":{"line":57,"column":39},"end":{"line":60,"column":60}},"30":{"start":{"line":61,"column":12},"end":{"line":96,"column":13}},"31":{"start":{"line":62,"column":16},"end":{"line":62,"column":67}},"32":{"start":{"line":64,"column":39},"end":{"line":71,"column":18}},"33":{"start":{"line":73,"column":31},"end":{"line":84,"column":22}},"34":{"start":{"line":85,"column":20},"end":{"line":85,"column":31}},"35":{"start":{"line":87,"column":31},"end":{"line":89,"column":17}},"36":{"start":{"line":90,"column":28},"end":{"line":90,"column":30}},"37":{"start":{"line":91,"column":16},"end":{"line":93,"column":18}},"38":{"start":{"line":92,"column":24},"end":{"line":92,"column":74}},"39":{"start":{"line":94,"column":16},"end":{"line":94,"column":83}},"40":{"start":{"line":95,"column":16},"end":{"line":95,"column":29}},"41":{"start":{"line":98,"column":12},"end":{"line":98,"column":28}},"42":{"start":{"line":99,"column":12},"end":{"line":99,"column":21}},"43":{"start":{"line":104,"column":0},"end":{"line":104,"column":36}}},"fnMap":{"0":{"name":"(anonymous_0)","decl":{"start":{"line":9,"column":4},"end":{"line":9,"column":5}},"loc":{"start":{"line":9,"column":39},"end":{"line":33,"column":5}},"line":9},"1":{"name":"(anonymous_1)","decl":{"start":{"line":35,"column":4},"end":{"line":35,"column":5}},"loc":{"start":{"line":35,"column":41},"end":{"line":52,"column":5}},"line":35},"2":{"name":"(anonymous_2)","decl":{"start":{"line":53,"column":4},"end":{"line":53,"column":5}},"loc":{"start":{"line":53,"column":46},"end":{"line":101,"column":5}},"line":53},"3":{"name":"userList","decl":{"start":{"line":72,"column":31},"end":{"line":72,"column":39}},"loc":{"start":{"line":72,"column":46},"end":{"line":86,"column":17}},"line":72},"4":{"name":"(anonymous_4)","decl":{"start":{"line":91,"column":34},"end":{"line":91,"column":35}},"loc":{"start":{"line":91,"column":42},"end":{"line":93,"column":17}},"line":91}},"branchMap":{"0":{"loc":{"start":{"line":13,"column":12},"end":{"line":28,"column":13}},"type":"if","locations":[{"start":{"line":13,"column":12},"end":{"line":28,"column":13}},{"start":{"line":13,"column":12},"end":{"line":28,"column":13}}],"line":13},"1":{"loc":{"start":{"line":17,"column":16},"end":{"line":27,"column":17}},"type":"if","locations":[{"start":{"line":17,"column":16},"end":{"line":27,"column":17}},{"start":{"line":17,"column":16},"end":{"line":27,"column":17}}],"line":17},"2":{"loc":{"start":{"line":39,"column":12},"end":{"line":48,"column":13}},"type":"if","locations":[{"start":{"line":39,"column":12},"end":{"line":48,"column":13}},{"start":{"line":39,"column":12},"end":{"line":48,"column":13}}],"line":39},"3":{"loc":{"start":{"line":61,"column":12},"end":{"line":96,"column":13}},"type":"if","locations":[{"start":{"line":61,"column":12},"end":{"line":96,"column":13}},{"start":{"line":61,"column":12},"end":{"line":96,"column":13}}],"line":61}},"s":{"0":4,"1":4,"2":4,"3":4,"4":4,"5":4,"6":3,"7":3,"8":3,"9":3,"10":1,"11":2,"12":2,"13":1,"14":1,"15":1,"16":1,"17":2,"18":2,"19":2,"20":2,"21":2,"22":2,"23":1,"24":1,"25":1,"26":3,"27":3,"28":3,"29":2,"30":2,"31":1,"32":1,"33":1,"34":1,"35":1,"36":1,"37":1,"38":2,"39":1,"40":1,"41":1,"42":1,"43":4},"f":{"0":3,"1":2,"2":3,"3":1,"4":2},"b":{"0":[1,2],"1":[1,1],"2":[1,1],"3":[1,1]},"_coverageSchema":"1a1c01bbd47fc00a2c39e90264f33305004495a9","hash":"eb07b5977e1d61aba983cb1c88922352ae9dc29e"}
,"/Users/rifkybakar/hactiv8/phase3/week4/c-tracker-SERVER/controllers/QrHospitalControllers.js": {"path":"/Users/rifkybakar/hactiv8/phase3/week4/c-tracker-SERVER/controllers/QrHospitalControllers.js","statementMap":{"0":{"start":{"line":1,"column":19},"end":{"line":1,"column":40}},"1":{"start":{"line":2,"column":22},"end":{"line":2,"column":50}},"2":{"start":{"line":3,"column":24},"end":{"line":3,"column":49}},"3":{"start":{"line":4,"column":11},"end":{"line":4,"column":28}},"4":{"start":{"line":8,"column":21},"end":{"line":8,"column":31}},"5":{"start":{"line":9,"column":8},"end":{"line":36,"column":9}},"6":{"start":{"line":10,"column":29},"end":{"line":10,"column":66}},"7":{"start":{"line":11,"column":12},"end":{"line":33,"column":13}},"8":{"start":{"line":12,"column":16},"end":{"line":12,"column":46}},"9":{"start":{"line":15,"column":16},"end":{"line":21,"column":17}},"10":{"start":{"line":23,"column":31},"end":{"line":23,"column":51}},"11":{"start":{"line":25,"column":16},"end":{"line":32,"column":18}},"12":{"start":{"line":30,"column":20},"end":{"line":30,"column":62}},"13":{"start":{"line":35,"column":12},"end":{"line":35,"column":21}},"14":{"start":{"line":40,"column":0},"end":{"line":40,"column":36}}},"fnMap":{"0":{"name":"(anonymous_0)","decl":{"start":{"line":7,"column":4},"end":{"line":7,"column":5}},"loc":{"start":{"line":7,"column":41},"end":{"line":37,"column":5}},"line":7},"1":{"name":"(anonymous_1)","decl":{"start":{"line":25,"column":36},"end":{"line":25,"column":37}},"loc":{"start":{"line":26,"column":16},"end":{"line":32,"column":17}},"line":26}},"branchMap":{"0":{"loc":{"start":{"line":11,"column":12},"end":{"line":33,"column":13}},"type":"if","locations":[{"start":{"line":11,"column":12},"end":{"line":33,"column":13}},{"start":{"line":11,"column":12},"end":{"line":33,"column":13}}],"line":11}},"s":{"0":4,"1":4,"2":4,"3":4,"4":2,"5":2,"6":2,"7":2,"8":1,"9":1,"10":1,"11":1,"12":1,"13":1,"14":4},"f":{"0":2,"1":1},"b":{"0":[1,1]},"_coverageSchema":"1a1c01bbd47fc00a2c39e90264f33305004495a9","hash":"107ed175f6dc17e61db20ce2772f2e194b2172bd"}
,"/Users/rifkybakar/hactiv8/phase3/week4/c-tracker-SERVER/controllers/QrRestaurantControllers.js": {"path":"/Users/rifkybakar/hactiv8/phase3/week4/c-tracker-SERVER/controllers/QrRestaurantControllers.js","statementMap":{"0":{"start":{"line":1,"column":21},"end":{"line":1,"column":42}},"1":{"start":{"line":2,"column":11},"end":{"line":2,"column":28}},"2":{"start":{"line":6,"column":21},"end":{"line":6,"column":31}},"3":{"start":{"line":7,"column":8},"end":{"line":39,"column":9}},"4":{"start":{"line":8,"column":31},"end":{"line":8,"column":70}},"5":{"start":{"line":9,"column":12},"end":{"line":35,"column":13}},"6":{"start":{"line":10,"column":16},"end":{"line":10,"column":46}},"7":{"start":{"line":13,"column":16},"end":{"line":19,"column":17}},"8":{"start":{"line":26,"column":31},"end":{"line":26,"column":51}},"9":{"start":{"line":28,"column":16},"end":{"line":34,"column":18}},"10":{"start":{"line":32,"column":20},"end":{"line":32,"column":64}},"11":{"start":{"line":37,"column":12},"end":{"line":37,"column":62}},"12":{"start":{"line":38,"column":12},"end":{"line":38,"column":21}},"13":{"start":{"line":43,"column":0},"end":{"line":43,"column":37}}},"fnMap":{"0":{"name":"(anonymous_0)","decl":{"start":{"line":5,"column":4},"end":{"line":5,"column":5}},"loc":{"start":{"line":5,"column":41},"end":{"line":40,"column":5}},"line":5},"1":{"name":"(anonymous_1)","decl":{"start":{"line":28,"column":36},"end":{"line":28,"column":37}},"loc":{"start":{"line":29,"column":16},"end":{"line":34,"column":17}},"line":29}},"branchMap":{"0":{"loc":{"start":{"line":9,"column":12},"end":{"line":35,"column":13}},"type":"if","locations":[{"start":{"line":9,"column":12},"end":{"line":35,"column":13}},{"start":{"line":9,"column":12},"end":{"line":35,"column":13}}],"line":9}},"s":{"0":4,"1":4,"2":2,"3":2,"4":2,"5":2,"6":1,"7":1,"8":1,"9":1,"10":1,"11":1,"12":1,"13":4},"f":{"0":2,"1":1},"b":{"0":[1,1]},"_coverageSchema":"1a1c01bbd47fc00a2c39e90264f33305004495a9","hash":"e1692c6f259e910aa5f55161aac8efb86c5b7f46"}
,"/Users/rifkybakar/hactiv8/phase3/week4/c-tracker-SERVER/controllers/RestaurantController.js": {"path":"/Users/rifkybakar/hactiv8/phase3/week4/c-tracker-SERVER/controllers/RestaurantController.js","statementMap":{"0":{"start":{"line":1,"column":21},"end":{"line":1,"column":42}},"1":{"start":{"line":5,"column":21},"end":{"line":5,"column":31}},"2":{"start":{"line":6,"column":8},"end":{"line":19,"column":9}},"3":{"start":{"line":7,"column":31},"end":{"line":7,"column":70}},"4":{"start":{"line":8,"column":12},"end":{"line":16,"column":13}},"5":{"start":{"line":9,"column":16},"end":{"line":9,"column":46}},"6":{"start":{"line":11,"column":16},"end":{"line":15,"column":18}},"7":{"start":{"line":18,"column":12},"end":{"line":18,"column":21}},"8":{"start":{"line":23,"column":0},"end":{"line":23,"column":37}}},"fnMap":{"0":{"name":"(anonymous_0)","decl":{"start":{"line":4,"column":4},"end":{"line":4,"column":5}},"loc":{"start":{"line":4,"column":41},"end":{"line":20,"column":5}},"line":4}},"branchMap":{"0":{"loc":{"start":{"line":8,"column":12},"end":{"line":16,"column":13}},"type":"if","locations":[{"start":{"line":8,"column":12},"end":{"line":16,"column":13}},{"start":{"line":8,"column":12},"end":{"line":16,"column":13}}],"line":8}},"s":{"0":4,"1":2,"2":2,"3":2,"4":2,"5":1,"6":1,"7":1,"8":4},"f":{"0":2},"b":{"0":[1,1]},"_coverageSchema":"1a1c01bbd47fc00a2c39e90264f33305004495a9","hash":"a999a3f72ced87d864a73998234394d7ec547c54"}
,"/Users/rifkybakar/hactiv8/phase3/week4/c-tracker-SERVER/controllers/UserControllers.js": {"path":"/Users/rifkybakar/hactiv8/phase3/week4/c-tracker-SERVER/controllers/UserControllers.js","statementMap":{"0":{"start":{"line":1,"column":15},"end":{"line":1,"column":36}},"1":{"start":{"line":2,"column":15},"end":{"line":2,"column":39}},"2":{"start":{"line":3,"column":15},"end":{"line":3,"column":69}},"3":{"start":{"line":4,"column":37},"end":{"line":4,"column":62}},"4":{"start":{"line":5,"column":19},"end":{"line":5,"column":40}},"5":{"start":{"line":10,"column":40},"end":{"line":10,"column":48}},"6":{"start":{"line":11,"column":8},"end":{"line":61,"column":9}},"7":{"start":{"line":12,"column":42},"end":{"line":12,"column":78}},"8":{"start":{"line":13,"column":12},"end":{"line":58,"column":13}},"9":{"start":{"line":14,"column":16},"end":{"line":14,"column":48}},"10":{"start":{"line":16,"column":45},"end":{"line":16,"column":81}},"11":{"start":{"line":17,"column":16},"end":{"line":57,"column":17}},"12":{"start":{"line":18,"column":20},"end":{"line":18,"column":52}},"13":{"start":{"line":20,"column":33},"end":{"line":22,"column":22}},"14":{"start":{"line":23,"column":36},"end":{"line":25,"column":21}},"15":{"start":{"line":26,"column":34},"end":{"line":26,"column":56}},"16":{"start":{"line":27,"column":38},"end":{"line":35,"column":22}},"17":{"start":{"line":36,"column":38},"end":{"line":44,"column":21}},"18":{"start":{"line":45,"column":20},"end":{"line":56,"column":22}},"19":{"start":{"line":46,"column":24},"end":{"line":55,"column":25}},"20":{"start":{"line":47,"column":28},"end":{"line":47,"column":44}},"21":{"start":{"line":49,"column":28},"end":{"line":49,"column":67}},"22":{"start":{"line":50,"column":28},"end":{"line":54,"column":30}},"23":{"start":{"line":60,"column":12},"end":{"line":60,"column":21}},"24":{"start":{"line":64,"column":24},"end":{"line":64,"column":33}},"25":{"start":{"line":65,"column":23},"end":{"line":65,"column":41}},"26":{"start":{"line":66,"column":21},"end":{"line":72,"column":10}},"27":{"start":{"line":73,"column":8},"end":{"line":73,"column":88}},"28":{"start":{"line":76,"column":22},"end":{"line":76,"column":30}},"29":{"start":{"line":77,"column":8},"end":{"line":101,"column":9}},"30":{"start":{"line":78,"column":25},"end":{"line":78,"column":60}},"31":{"start":{"line":79,"column":12},"end":{"line":97,"column":13}},"32":{"start":{"line":80,"column":16},"end":{"line":80,"column":44}},"33":{"start":{"line":81,"column":19},"end":{"line":97,"column":13}},"34":{"start":{"line":82,"column":16},"end":{"line":82,"column":50}},"35":{"start":{"line":84,"column":16},"end":{"line":96,"column":17}},"36":{"start":{"line":85,"column":20},"end":{"line":85,"column":48}},"37":{"start":{"line":87,"column":36},"end":{"line":94,"column":26}},"38":{"start":{"line":95,"column":20},"end":{"line":95,"column":82}},"39":{"start":{"line":99,"column":12},"end":{"line":99,"column":28}},"40":{"start":{"line":100,"column":12},"end":{"line":100,"column":21}},"41":{"start":{"line":104,"column":38},"end":{"line":104,"column":46}},"42":{"start":{"line":105,"column":8},"end":{"line":139,"column":9}},"43":{"start":{"line":106,"column":25},"end":{"line":106,"column":61}},"44":{"start":{"line":107,"column":30},"end":{"line":114,"column":18}},"45":{"start":{"line":115,"column":12},"end":{"line":136,"column":13}},"46":{"start":{"line":116,"column":16},"end":{"line":116,"column":43}},"47":{"start":{"line":118,"column":36},"end":{"line":120,"column":36}},"48":{"start":{"line":121,"column":30},"end":{"line":124,"column":17}},"49":{"start":{"line":125,"column":28},"end":{"line":125,"column":50}},"50":{"start":{"line":126,"column":16},"end":{"line":135,"column":18}},"51":{"start":{"line":138,"column":12},"end":{"line":138,"column":21}},"52":{"start":{"line":142,"column":22},"end":{"line":142,"column":30}},"53":{"start":{"line":143,"column":8},"end":{"line":155,"column":9}},"54":{"start":{"line":144,"column":35},"end":{"line":150,"column":14}},"55":{"start":{"line":151,"column":12},"end":{"line":151,"column":61}},"56":{"start":{"line":153,"column":12},"end":{"line":153,"column":28}},"57":{"start":{"line":154,"column":12},"end":{"line":154,"column":21}},"58":{"start":{"line":159,"column":0},"end":{"line":159,"column":32}}},"fnMap":{"0":{"name":"(anonymous_0)","decl":{"start":{"line":9,"column":4},"end":{"line":9,"column":5}},"loc":{"start":{"line":9,"column":42},"end":{"line":62,"column":5}},"line":9},"1":{"name":"(anonymous_1)","decl":{"start":{"line":45,"column":54},"end":{"line":45,"column":55}},"loc":{"start":{"line":45,"column":69},"end":{"line":56,"column":21}},"line":45},"2":{"name":"(anonymous_2)","decl":{"start":{"line":63,"column":4},"end":{"line":63,"column":5}},"loc":{"start":{"line":63,"column":49},"end":{"line":74,"column":5}},"line":63},"3":{"name":"(anonymous_3)","decl":{"start":{"line":75,"column":4},"end":{"line":75,"column":5}},"loc":{"start":{"line":75,"column":39},"end":{"line":102,"column":5}},"line":75},"4":{"name":"(anonymous_4)","decl":{"start":{"line":103,"column":4},"end":{"line":103,"column":5}},"loc":{"start":{"line":103,"column":40},"end":{"line":140,"column":5}},"line":103},"5":{"name":"(anonymous_5)","decl":{"start":{"line":141,"column":4},"end":{"line":141,"column":5}},"loc":{"start":{"line":141,"column":40},"end":{"line":156,"column":5}},"line":141}},"branchMap":{"0":{"loc":{"start":{"line":13,"column":12},"end":{"line":58,"column":13}},"type":"if","locations":[{"start":{"line":13,"column":12},"end":{"line":58,"column":13}},{"start":{"line":13,"column":12},"end":{"line":58,"column":13}}],"line":13},"1":{"loc":{"start":{"line":17,"column":16},"end":{"line":57,"column":17}},"type":"if","locations":[{"start":{"line":17,"column":16},"end":{"line":57,"column":17}},{"start":{"line":17,"column":16},"end":{"line":57,"column":17}}],"line":17},"2":{"loc":{"start":{"line":46,"column":24},"end":{"line":55,"column":25}},"type":"if","locations":[{"start":{"line":46,"column":24},"end":{"line":55,"column":25}},{"start":{"line":46,"column":24},"end":{"line":55,"column":25}}],"line":46},"3":{"loc":{"start":{"line":79,"column":12},"end":{"line":97,"column":13}},"type":"if","locations":[{"start":{"line":79,"column":12},"end":{"line":97,"column":13}},{"start":{"line":79,"column":12},"end":{"line":97,"column":13}}],"line":79},"4":{"loc":{"start":{"line":81,"column":19},"end":{"line":97,"column":13}},"type":"if","locations":[{"start":{"line":81,"column":19},"end":{"line":97,"column":13}},{"start":{"line":81,"column":19},"end":{"line":97,"column":13}}],"line":81},"5":{"loc":{"start":{"line":84,"column":16},"end":{"line":96,"column":17}},"type":"if","locations":[{"start":{"line":84,"column":16},"end":{"line":96,"column":17}},{"start":{"line":84,"column":16},"end":{"line":96,"column":17}}],"line":84},"6":{"loc":{"start":{"line":115,"column":12},"end":{"line":136,"column":13}},"type":"if","locations":[{"start":{"line":115,"column":12},"end":{"line":136,"column":13}},{"start":{"line":115,"column":12},"end":{"line":136,"column":13}}],"line":115}},"s":{"0":4,"1":4,"2":4,"3":4,"4":4,"5":4,"6":4,"7":4,"8":4,"9":1,"10":3,"11":3,"12":0,"13":3,"14":1,"15":1,"16":1,"17":1,"18":1,"19":1,"20":0,"21":1,"22":1,"23":3,"24":0,"25":0,"26":0,"27":0,"28":1,"29":1,"30":1,"31":1,"32":1,"33":0,"34":0,"35":0,"36":0,"37":0,"38":0,"39":1,"40":1,"41":0,"42":0,"43":0,"44":0,"45":0,"46":0,"47":0,"48":0,"49":0,"50":0,"51":0,"52":0,"53":0,"54":0,"55":0,"56":0,"57":0,"58":4},"f":{"0":4,"1":1,"2":0,"3":1,"4":0,"5":0},"b":{"0":[1,3],"1":[0,3],"2":[0,1],"3":[1,0],"4":[0,0],"5":[0,0],"6":[0,0]},"_coverageSchema":"1a1c01bbd47fc00a2c39e90264f33305004495a9","hash":"45d5265506f4b8820dbb56caf5ca94b217b9578a"}
,"/Users/rifkybakar/hactiv8/phase3/week4/c-tracker-SERVER/controllers/UserHospitalControllers.js": {"path":"/Users/rifkybakar/hactiv8/phase3/week4/c-tracker-SERVER/controllers/UserHospitalControllers.js","statementMap":{"0":{"start":{"line":1,"column":39},"end":{"line":1,"column":60}},"1":{"start":{"line":5,"column":50},"end":{"line":5,"column":58}},"2":{"start":{"line":6,"column":8},"end":{"line":13,"column":9}},"3":{"start":{"line":7,"column":36},"end":{"line":9,"column":14}},"4":{"start":{"line":10,"column":12},"end":{"line":10,"column":92}},"5":{"start":{"line":12,"column":12},"end":{"line":12,"column":21}},"6":{"start":{"line":16,"column":25},"end":{"line":16,"column":35}},"7":{"start":{"line":17,"column":8},"end":{"line":27,"column":9}},"8":{"start":{"line":18,"column":28},"end":{"line":23,"column":14}},"9":{"start":{"line":24,"column":12},"end":{"line":24,"column":43}},"10":{"start":{"line":26,"column":12},"end":{"line":26,"column":21}},"11":{"start":{"line":30,"column":29},"end":{"line":30,"column":39}},"12":{"start":{"line":31,"column":8},"end":{"line":41,"column":9}},"13":{"start":{"line":32,"column":25},"end":{"line":37,"column":14}},"14":{"start":{"line":38,"column":12},"end":{"line":38,"column":40}},"15":{"start":{"line":40,"column":12},"end":{"line":40,"column":21}},"16":{"start":{"line":45,"column":0},"end":{"line":45,"column":40}}},"fnMap":{"0":{"name":"(anonymous_0)","decl":{"start":{"line":4,"column":4},"end":{"line":4,"column":5}},"loc":{"start":{"line":4,"column":40},"end":{"line":14,"column":5}},"line":4},"1":{"name":"(anonymous_1)","decl":{"start":{"line":15,"column":4},"end":{"line":15,"column":5}},"loc":{"start":{"line":15,"column":45},"end":{"line":28,"column":5}},"line":15},"2":{"name":"(anonymous_2)","decl":{"start":{"line":29,"column":4},"end":{"line":29,"column":5}},"loc":{"start":{"line":29,"column":49},"end":{"line":42,"column":5}},"line":29}},"branchMap":{},"s":{"0":4,"1":1,"2":1,"3":1,"4":1,"5":0,"6":1,"7":1,"8":1,"9":1,"10":0,"11":1,"12":1,"13":1,"14":1,"15":0,"16":4},"f":{"0":1,"1":1,"2":1},"b":{},"_coverageSchema":"1a1c01bbd47fc00a2c39e90264f33305004495a9","hash":"47ad57864c8e840c323454e33931a0c3669c8c51"}
,"/Users/rifkybakar/hactiv8/phase3/week4/c-tracker-SERVER/controllers/UserRestaurantControllers.js": {"path":"/Users/rifkybakar/hactiv8/phase3/week4/c-tracker-SERVER/controllers/UserRestaurantControllers.js","statementMap":{"0":{"start":{"line":1,"column":37},"end":{"line":1,"column":58}},"1":{"start":{"line":5,"column":39},"end":{"line":5,"column":47}},"2":{"start":{"line":6,"column":8},"end":{"line":13,"column":9}},"3":{"start":{"line":7,"column":38},"end":{"line":9,"column":14}},"4":{"start":{"line":10,"column":12},"end":{"line":10,"column":96}},"5":{"start":{"line":12,"column":12},"end":{"line":12,"column":21}},"6":{"start":{"line":16,"column":25},"end":{"line":16,"column":35}},"7":{"start":{"line":17,"column":8},"end":{"line":25,"column":9}},"8":{"start":{"line":18,"column":28},"end":{"line":21,"column":14}},"9":{"start":{"line":22,"column":12},"end":{"line":22,"column":43}},"10":{"start":{"line":24,"column":12},"end":{"line":24,"column":21}},"11":{"start":{"line":29,"column":0},"end":{"line":29,"column":42}}},"fnMap":{"0":{"name":"(anonymous_0)","decl":{"start":{"line":4,"column":4},"end":{"line":4,"column":5}},"loc":{"start":{"line":4,"column":40},"end":{"line":14,"column":5}},"line":4},"1":{"name":"(anonymous_1)","decl":{"start":{"line":15,"column":4},"end":{"line":15,"column":5}},"loc":{"start":{"line":15,"column":45},"end":{"line":26,"column":5}},"line":15}},"branchMap":{},"s":{"0":4,"1":1,"2":1,"3":1,"4":1,"5":0,"6":1,"7":1,"8":1,"9":1,"10":0,"11":4},"f":{"0":1,"1":1},"b":{},"_coverageSchema":"1a1c01bbd47fc00a2c39e90264f33305004495a9","hash":"cd9232e3db5c364d1f030779d161a95bb50bdad4"}
,"/Users/rifkybakar/hactiv8/phase3/week4/c-tracker-SERVER/helpers/bcrypt.js": {"path":"/Users/rifkybakar/hactiv8/phase3/week4/c-tracker-SERVER/helpers/bcrypt.js","statementMap":{"0":{"start":{"line":1,"column":15},"end":{"line":1,"column":34}},"1":{"start":{"line":4,"column":15},"end":{"line":4,"column":37}},"2":{"start":{"line":5,"column":4},"end":{"line":5,"column":38}},"3":{"start":{"line":9,"column":4},"end":{"line":9,"column":41}},"4":{"start":{"line":12,"column":0},"end":{"line":12,"column":40}}},"fnMap":{"0":{"name":"hashData","decl":{"start":{"line":3,"column":9},"end":{"line":3,"column":17}},"loc":{"start":{"line":3,"column":24},"end":{"line":6,"column":1}},"line":3},"1":{"name":"compareHash","decl":{"start":{"line":8,"column":9},"end":{"line":8,"column":20}},"loc":{"start":{"line":8,"column":33},"end":{"line":10,"column":1}},"line":8}},"branchMap":{},"s":{"0":4,"1":1,"2":1,"3":2,"4":4},"f":{"0":1,"1":2},"b":{},"_coverageSchema":"1a1c01bbd47fc00a2c39e90264f33305004495a9","hash":"ffb133c241ba1e12b063ab3ce38e6ffdf6c0270a"}
,"/Users/rifkybakar/hactiv8/phase3/week4/c-tracker-SERVER/helpers/jwt.js": {"path":"/Users/rifkybakar/hactiv8/phase3/week4/c-tracker-SERVER/helpers/jwt.js","statementMap":{"0":{"start":{"line":1,"column":12},"end":{"line":1,"column":35}},"1":{"start":{"line":4,"column":4},"end":{"line":4,"column":48}},"2":{"start":{"line":8,"column":4},"end":{"line":8,"column":48}},"3":{"start":{"line":11,"column":0},"end":{"line":11,"column":45}}},"fnMap":{"0":{"name":"generateToken","decl":{"start":{"line":3,"column":9},"end":{"line":3,"column":22}},"loc":{"start":{"line":3,"column":32},"end":{"line":5,"column":1}},"line":3},"1":{"name":"verifyToken","decl":{"start":{"line":7,"column":9},"end":{"line":7,"column":20}},"loc":{"start":{"line":7,"column":28},"end":{"line":9,"column":1}},"line":7}},"branchMap":{},"s":{"0":4,"1":3,"2":0,"3":4},"f":{"0":3,"1":0},"b":{},"_coverageSchema":"1a1c01bbd47fc00a2c39e90264f33305004495a9","hash":"29f80f5660bd45d893a9a7c41a41d598226e1a52"}
,"/Users/rifkybakar/hactiv8/phase3/week4/c-tracker-SERVER/helpers/notification.js": {"path":"/Users/rifkybakar/hactiv8/phase3/week4/c-tracker-SERVER/helpers/notification.js","statementMap":{"0":{"start":{"line":1,"column":14},"end":{"line":1,"column":30}},"1":{"start":{"line":3,"column":20},"end":{"line":10,"column":5}},"2":{"start":{"line":12,"column":4},"end":{"line":25,"column":8}},"3":{"start":{"line":21,"column":8},"end":{"line":21,"column":40}},"4":{"start":{"line":24,"column":8},"end":{"line":24,"column":36}},"5":{"start":{"line":29,"column":2},"end":{"line":29,"column":39}}},"fnMap":{"0":{"name":"sendPushNotification","decl":{"start":{"line":2,"column":15},"end":{"line":2,"column":35}},"loc":{"start":{"line":2,"column":51},"end":{"line":26,"column":3}},"line":2},"1":{"name":"(anonymous_1)","decl":{"start":{"line":20,"column":11},"end":{"line":20,"column":12}},"loc":{"start":{"line":20,"column":25},"end":{"line":22,"column":7}},"line":20},"2":{"name":"(anonymous_2)","decl":{"start":{"line":23,"column":14},"end":{"line":23,"column":15}},"loc":{"start":{"line":23,"column":29},"end":{"line":25,"column":7}},"line":23}},"branchMap":{},"s":{"0":4,"1":0,"2":0,"3":0,"4":0,"5":4},"f":{"0":0,"1":0,"2":0},"b":{},"_coverageSchema":"1a1c01bbd47fc00a2c39e90264f33305004495a9","hash":"f83fad5b3c5e2249ad1c3d62a7773412a153c74e"}
,"/Users/rifkybakar/hactiv8/phase3/week4/c-tracker-SERVER/middlewares/errorHandler.js": {"path":"/Users/rifkybakar/hactiv8/phase3/week4/c-tracker-SERVER/middlewares/errorHandler.js","statementMap":{"0":{"start":{"line":2,"column":17},"end":{"line":2,"column":19}},"1":{"start":{"line":3,"column":21},"end":{"line":3,"column":24}},"2":{"start":{"line":5,"column":4},"end":{"line":36,"column":5}},"3":{"start":{"line":6,"column":8},"end":{"line":6,"column":24}},"4":{"start":{"line":7,"column":8},"end":{"line":9,"column":11}},"5":{"start":{"line":8,"column":12},"end":{"line":8,"column":34}},"6":{"start":{"line":10,"column":11},"end":{"line":36,"column":5}},"7":{"start":{"line":11,"column":8},"end":{"line":11,"column":24}},"8":{"start":{"line":12,"column":8},"end":{"line":12,"column":55}},"9":{"start":{"line":13,"column":11},"end":{"line":36,"column":5}},"10":{"start":{"line":14,"column":8},"end":{"line":14,"column":24}},"11":{"start":{"line":15,"column":8},"end":{"line":15,"column":47}},"12":{"start":{"line":16,"column":11},"end":{"line":36,"column":5}},"13":{"start":{"line":17,"column":8},"end":{"line":17,"column":24}},"14":{"start":{"line":18,"column":8},"end":{"line":18,"column":43}},"15":{"start":{"line":19,"column":11},"end":{"line":36,"column":5}},"16":{"start":{"line":20,"column":8},"end":{"line":20,"column":24}},"17":{"start":{"line":21,"column":8},"end":{"line":21,"column":34}},"18":{"start":{"line":22,"column":11},"end":{"line":36,"column":5}},"19":{"start":{"line":23,"column":8},"end":{"line":23,"column":24}},"20":{"start":{"line":24,"column":8},"end":{"line":24,"column":48}},"21":{"start":{"line":25,"column":11},"end":{"line":36,"column":5}},"22":{"start":{"line":26,"column":8},"end":{"line":26,"column":24}},"23":{"start":{"line":27,"column":8},"end":{"line":27,"column":37}},"24":{"start":{"line":28,"column":11},"end":{"line":36,"column":5}},"25":{"start":{"line":29,"column":8},"end":{"line":29,"column":24}},"26":{"start":{"line":30,"column":8},"end":{"line":30,"column":65}},"27":{"start":{"line":31,"column":11},"end":{"line":36,"column":5}},"28":{"start":{"line":32,"column":8},"end":{"line":32,"column":24}},"29":{"start":{"line":33,"column":8},"end":{"line":33,"column":66}},"30":{"start":{"line":35,"column":8},"end":{"line":35,"column":44}},"31":{"start":{"line":37,"column":4},"end":{"line":37,"column":41}},"32":{"start":{"line":40,"column":0},"end":{"line":40,"column":29}}},"fnMap":{"0":{"name":"errorHandler","decl":{"start":{"line":1,"column":9},"end":{"line":1,"column":21}},"loc":{"start":{"line":1,"column":43},"end":{"line":38,"column":1}},"line":1},"1":{"name":"(anonymous_1)","decl":{"start":{"line":7,"column":27},"end":{"line":7,"column":28}},"loc":{"start":{"line":7,"column":32},"end":{"line":9,"column":9}},"line":7}},"branchMap":{"0":{"loc":{"start":{"line":5,"column":4},"end":{"line":36,"column":5}},"type":"if","locations":[{"start":{"line":5,"column":4},"end":{"line":36,"column":5}},{"start":{"line":5,"column":4},"end":{"line":36,"column":5}}],"line":5},"1":{"loc":{"start":{"line":10,"column":11},"end":{"line":36,"column":5}},"type":"if","locations":[{"start":{"line":10,"column":11},"end":{"line":36,"column":5}},{"start":{"line":10,"column":11},"end":{"line":36,"column":5}}],"line":10},"2":{"loc":{"start":{"line":13,"column":11},"end":{"line":36,"column":5}},"type":"if","locations":[{"start":{"line":13,"column":11},"end":{"line":36,"column":5}},{"start":{"line":13,"column":11},"end":{"line":36,"column":5}}],"line":13},"3":{"loc":{"start":{"line":16,"column":11},"end":{"line":36,"column":5}},"type":"if","locations":[{"start":{"line":16,"column":11},"end":{"line":36,"column":5}},{"start":{"line":16,"column":11},"end":{"line":36,"column":5}}],"line":16},"4":{"loc":{"start":{"line":19,"column":11},"end":{"line":36,"column":5}},"type":"if","locations":[{"start":{"line":19,"column":11},"end":{"line":36,"column":5}},{"start":{"line":19,"column":11},"end":{"line":36,"column":5}}],"line":19},"5":{"loc":{"start":{"line":22,"column":11},"end":{"line":36,"column":5}},"type":"if","locations":[{"start":{"line":22,"column":11},"end":{"line":36,"column":5}},{"start":{"line":22,"column":11},"end":{"line":36,"column":5}}],"line":22},"6":{"loc":{"start":{"line":25,"column":11},"end":{"line":36,"column":5}},"type":"if","locations":[{"start":{"line":25,"column":11},"end":{"line":36,"column":5}},{"start":{"line":25,"column":11},"end":{"line":36,"column":5}}],"line":25},"7":{"loc":{"start":{"line":28,"column":11},"end":{"line":36,"column":5}},"type":"if","locations":[{"start":{"line":28,"column":11},"end":{"line":36,"column":5}},{"start":{"line":28,"column":11},"end":{"line":36,"column":5}}],"line":28},"8":{"loc":{"start":{"line":31,"column":11},"end":{"line":36,"column":5}},"type":"if","locations":[{"start":{"line":31,"column":11},"end":{"line":36,"column":5}},{"start":{"line":31,"column":11},"end":{"line":36,"column":5}}],"line":31}},"s":{"0":11,"1":11,"2":11,"3":2,"4":2,"5":3,"6":9,"7":1,"8":1,"9":8,"10":0,"11":0,"12":8,"13":1,"14":1,"15":7,"16":0,"17":0,"18":7,"19":2,"20":2,"21":5,"22":4,"23":4,"24":1,"25":0,"26":0,"27":1,"28":0,"29":0,"30":1,"31":11,"32":4},"f":{"0":11,"1":3},"b":{"0":[2,9],"1":[1,8],"2":[0,8],"3":[1,7],"4":[0,7],"5":[2,5],"6":[4,1],"7":[0,1],"8":[0,1]},"_coverageSchema":"1a1c01bbd47fc00a2c39e90264f33305004495a9","hash":"53d1f0282539dc6f4c753ed9d13ac538baf30e02"}
,"/Users/rifkybakar/hactiv8/phase3/week4/c-tracker-SERVER/models/hospital.js": {"path":"/Users/rifkybakar/hactiv8/phase3/week4/c-tracker-SERVER/models/hospital.js","statementMap":{"0":{"start":{"line":4,"column":4},"end":{"line":4,"column":24}},"1":{"start":{"line":5,"column":0},"end":{"line":27,"column":2}},"2":{"start":{"line":14,"column":6},"end":{"line":14,"column":90}},"3":{"start":{"line":17,"column":2},"end":{"line":25,"column":5}},"4":{"start":{"line":26,"column":2},"end":{"line":26,"column":18}}},"fnMap":{"0":{"name":"(anonymous_0)","decl":{"start":{"line":5,"column":17},"end":{"line":5,"column":18}},"loc":{"start":{"line":5,"column":43},"end":{"line":27,"column":1}},"line":5},"1":{"name":"(anonymous_1)","decl":{"start":{"line":12,"column":4},"end":{"line":12,"column":5}},"loc":{"start":{"line":12,"column":29},"end":{"line":15,"column":5}},"line":12}},"branchMap":{},"s":{"0":4,"1":4,"2":4,"3":4,"4":4},"f":{"0":4,"1":4},"b":{},"_coverageSchema":"1a1c01bbd47fc00a2c39e90264f33305004495a9","hash":"de57294d04493959e9fa2dd9e7bd0f37cd5a844f"}
,"/Users/rifkybakar/hactiv8/phase3/week4/c-tracker-SERVER/models/index.js": {"path":"/Users/rifkybakar/hactiv8/phase3/week4/c-tracker-SERVER/models/index.js","statementMap":{"0":{"start":{"line":3,"column":11},"end":{"line":3,"column":24}},"1":{"start":{"line":4,"column":13},"end":{"line":4,"column":28}},"2":{"start":{"line":5,"column":18},"end":{"line":5,"column":38}},"3":{"start":{"line":6,"column":17},"end":{"line":6,"column":42}},"4":{"start":{"line":7,"column":12},"end":{"line":7,"column":49}},"5":{"start":{"line":8,"column":15},"end":{"line":8,"column":65}},"6":{"start":{"line":9,"column":11},"end":{"line":9,"column":13}},"7":{"start":{"line":12,"column":0},"end":{"line":16,"column":1}},"8":{"start":{"line":13,"column":2},"end":{"line":13,"column":74}},"9":{"start":{"line":15,"column":2},"end":{"line":15,"column":87}},"10":{"start":{"line":18,"column":0},"end":{"line":26,"column":5}},"11":{"start":{"line":21,"column":4},"end":{"line":21,"column":90}},"12":{"start":{"line":24,"column":18},"end":{"line":24,"column":85}},"13":{"start":{"line":25,"column":4},"end":{"line":25,"column":27}},"14":{"start":{"line":28,"column":0},"end":{"line":32,"column":3}},"15":{"start":{"line":29,"column":2},"end":{"line":31,"column":3}},"16":{"start":{"line":30,"column":4},"end":{"line":30,"column":32}},"17":{"start":{"line":34,"column":0},"end":{"line":34,"column":25}},"18":{"start":{"line":35,"column":0},"end":{"line":35,"column":25}},"19":{"start":{"line":37,"column":0},"end":{"line":37,"column":20}}},"fnMap":{"0":{"name":"(anonymous_0)","decl":{"start":{"line":20,"column":10},"end":{"line":20,"column":11}},"loc":{"start":{"line":20,"column":18},"end":{"line":22,"column":3}},"line":20},"1":{"name":"(anonymous_1)","decl":{"start":{"line":23,"column":11},"end":{"line":23,"column":12}},"loc":{"start":{"line":23,"column":19},"end":{"line":26,"column":3}},"line":23},"2":{"name":"(anonymous_2)","decl":{"start":{"line":28,"column":24},"end":{"line":28,"column":25}},"loc":{"start":{"line":28,"column":37},"end":{"line":32,"column":1}},"line":28}},"branchMap":{"0":{"loc":{"start":{"line":7,"column":12},"end":{"line":7,"column":49}},"type":"binary-expr","locations":[{"start":{"line":7,"column":12},"end":{"line":7,"column":32}},{"start":{"line":7,"column":36},"end":{"line":7,"column":49}}],"line":7},"1":{"loc":{"start":{"line":12,"column":0},"end":{"line":16,"column":1}},"type":"if","locations":[{"start":{"line":12,"column":0},"end":{"line":16,"column":1}},{"start":{"line":12,"column":0},"end":{"line":16,"column":1}}],"line":12},"2":{"loc":{"start":{"line":21,"column":11},"end":{"line":21,"column":89}},"type":"binary-expr","locations":[{"start":{"line":21,"column":12},"end":{"line":21,"column":35}},{"start":{"line":21,"column":41},"end":{"line":21,"column":58}},{"start":{"line":21,"column":64},"end":{"line":21,"column":88}}],"line":21},"3":{"loc":{"start":{"line":29,"column":2},"end":{"line":31,"column":3}},"type":"if","locations":[{"start":{"line":29,"column":2},"end":{"line":31,"column":3}},{"start":{"line":29,"column":2},"end":{"line":31,"column":3}}],"line":29}},"s":{"0":4,"1":4,"2":4,"3":4,"4":4,"5":4,"6":4,"7":4,"8":0,"9":4,"10":4,"11":24,"12":20,"13":20,"14":4,"15":20,"16":20,"17":4,"18":4,"19":4},"f":{"0":24,"1":20,"2":20},"b":{"0":[4,0],"1":[0,4],"2":[24,24,20],"3":[20,0]},"_coverageSchema":"1a1c01bbd47fc00a2c39e90264f33305004495a9","hash":"cfa3c8ef1f0b76e25567fba87aca8de309a87b4c"}
,"/Users/rifkybakar/hactiv8/phase3/week4/c-tracker-SERVER/models/restaurant.js": {"path":"/Users/rifkybakar/hactiv8/phase3/week4/c-tracker-SERVER/models/restaurant.js","statementMap":{"0":{"start":{"line":4,"column":4},"end":{"line":4,"column":24}},"1":{"start":{"line":5,"column":0},"end":{"line":26,"column":2}},"2":{"start":{"line":14,"column":6},"end":{"line":14,"column":94}},"3":{"start":{"line":17,"column":2},"end":{"line":24,"column":5}},"4":{"start":{"line":25,"column":2},"end":{"line":25,"column":20}}},"fnMap":{"0":{"name":"(anonymous_0)","decl":{"start":{"line":5,"column":17},"end":{"line":5,"column":18}},"loc":{"start":{"line":5,"column":43},"end":{"line":26,"column":1}},"line":5},"1":{"name":"(anonymous_1)","decl":{"start":{"line":12,"column":4},"end":{"line":12,"column":5}},"loc":{"start":{"line":12,"column":29},"end":{"line":15,"column":5}},"line":12}},"branchMap":{},"s":{"0":4,"1":4,"2":4,"3":4,"4":4},"f":{"0":4,"1":4},"b":{},"_coverageSchema":"1a1c01bbd47fc00a2c39e90264f33305004495a9","hash":"3b75cbc748a812b6279d107d4b8834da0161f5ea"}
,"/Users/rifkybakar/hactiv8/phase3/week4/c-tracker-SERVER/models/user.js": {"path":"/Users/rifkybakar/hactiv8/phase3/week4/c-tracker-SERVER/models/user.js","statementMap":{"0":{"start":{"line":4,"column":4},"end":{"line":4,"column":24}},"1":{"start":{"line":6,"column":0},"end":{"line":116,"column":2}},"2":{"start":{"line":15,"column":6},"end":{"line":15,"column":100}},"3":{"start":{"line":16,"column":6},"end":{"line":16,"column":94}},"4":{"start":{"line":19,"column":2},"end":{"line":111,"column":5}},"5":{"start":{"line":115,"column":2},"end":{"line":115,"column":14}}},"fnMap":{"0":{"name":"(anonymous_0)","decl":{"start":{"line":6,"column":17},"end":{"line":6,"column":18}},"loc":{"start":{"line":6,"column":43},"end":{"line":116,"column":1}},"line":6},"1":{"name":"(anonymous_1)","decl":{"start":{"line":13,"column":4},"end":{"line":13,"column":5}},"loc":{"start":{"line":13,"column":29},"end":{"line":17,"column":5}},"line":13}},"branchMap":{},"s":{"0":4,"1":4,"2":4,"3":4,"4":4,"5":4},"f":{"0":4,"1":4},"b":{},"_coverageSchema":"1a1c01bbd47fc00a2c39e90264f33305004495a9","hash":"79e96a0c313d09261b94e948246805a861d302cc"}
,"/Users/rifkybakar/hactiv8/phase3/week4/c-tracker-SERVER/models/userhospital.js": {"path":"/Users/rifkybakar/hactiv8/phase3/week4/c-tracker-SERVER/models/userhospital.js","statementMap":{"0":{"start":{"line":4,"column":4},"end":{"line":4,"column":24}},"1":{"start":{"line":5,"column":0},"end":{"line":29,"column":2}},"2":{"start":{"line":14,"column":6},"end":{"line":14,"column":65}},"3":{"start":{"line":15,"column":6},"end":{"line":15,"column":73}},"4":{"start":{"line":18,"column":2},"end":{"line":27,"column":5}},"5":{"start":{"line":28,"column":2},"end":{"line":28,"column":22}}},"fnMap":{"0":{"name":"(anonymous_0)","decl":{"start":{"line":5,"column":17},"end":{"line":5,"column":18}},"loc":{"start":{"line":5,"column":43},"end":{"line":29,"column":1}},"line":5},"1":{"name":"(anonymous_1)","decl":{"start":{"line":12,"column":4},"end":{"line":12,"column":5}},"loc":{"start":{"line":12,"column":29},"end":{"line":16,"column":5}},"line":12}},"branchMap":{},"s":{"0":4,"1":4,"2":4,"3":4,"4":4,"5":4},"f":{"0":4,"1":4},"b":{},"_coverageSchema":"1a1c01bbd47fc00a2c39e90264f33305004495a9","hash":"bd5c0d289b4d5dd177d4aa37cd8977a0b197b993"}
,"/Users/rifkybakar/hactiv8/phase3/week4/c-tracker-SERVER/models/userrestaurant.js": {"path":"/Users/rifkybakar/hactiv8/phase3/week4/c-tracker-SERVER/models/userrestaurant.js","statementMap":{"0":{"start":{"line":4,"column":4},"end":{"line":4,"column":24}},"1":{"start":{"line":5,"column":0},"end":{"line":26,"column":2}},"2":{"start":{"line":14,"column":6},"end":{"line":14,"column":67}},"3":{"start":{"line":15,"column":6},"end":{"line":15,"column":79}},"4":{"start":{"line":18,"column":2},"end":{"line":24,"column":5}},"5":{"start":{"line":25,"column":2},"end":{"line":25,"column":24}}},"fnMap":{"0":{"name":"(anonymous_0)","decl":{"start":{"line":5,"column":17},"end":{"line":5,"column":18}},"loc":{"start":{"line":5,"column":43},"end":{"line":26,"column":1}},"line":5},"1":{"name":"(anonymous_1)","decl":{"start":{"line":12,"column":4},"end":{"line":12,"column":5}},"loc":{"start":{"line":12,"column":29},"end":{"line":16,"column":5}},"line":12}},"branchMap":{},"s":{"0":4,"1":4,"2":4,"3":4,"4":4,"5":4},"f":{"0":4,"1":4},"b":{},"_coverageSchema":"1a1c01bbd47fc00a2c39e90264f33305004495a9","hash":"a0db28180633e378ad26c03cf55350de94a2bf09"}
,"/Users/rifkybakar/hactiv8/phase3/week4/c-tracker-SERVER/otp/config.js": {"path":"/Users/rifkybakar/hactiv8/phase3/week4/c-tracker-SERVER/otp/config.js","statementMap":{"0":{"start":{"line":1,"column":0},"end":{"line":5,"column":1}}},"fnMap":{},"branchMap":{},"s":{"0":4},"f":{},"b":{},"_coverageSchema":"1a1c01bbd47fc00a2c39e90264f33305004495a9","hash":"885bfb0ec8873e2c8a70154d10f8dfcf9708d9bf"}
,"/Users/rifkybakar/hactiv8/phase3/week4/c-tracker-SERVER/routers/historyRouter.js": {"path":"/Users/rifkybakar/hactiv8/phase3/week4/c-tracker-SERVER/routers/historyRouter.js","statementMap":{"0":{"start":{"line":1,"column":15},"end":{"line":1,"column":42}},"1":{"start":{"line":2,"column":34},"end":{"line":2,"column":85}},"2":{"start":{"line":3,"column":32},"end":{"line":3,"column":81}},"3":{"start":{"line":5,"column":0},"end":{"line":5,"column":73}},"4":{"start":{"line":6,"column":0},"end":{"line":6,"column":61}},"5":{"start":{"line":7,"column":0},"end":{"line":7,"column":69}},"6":{"start":{"line":8,"column":0},"end":{"line":8,"column":57}},"7":{"start":{"line":10,"column":0},"end":{"line":10,"column":23}}},"fnMap":{},"branchMap":{},"s":{"0":4,"1":4,"2":4,"3":4,"4":4,"5":4,"6":4,"7":4},"f":{},"b":{},"_coverageSchema":"1a1c01bbd47fc00a2c39e90264f33305004495a9","hash":"f23658a43e5884a05c9d18b83cbf5745f84c1d5e"}
,"/Users/rifkybakar/hactiv8/phase3/week4/c-tracker-SERVER/routers/hospitalRouter.js": {"path":"/Users/rifkybakar/hactiv8/phase3/week4/c-tracker-SERVER/routers/hospitalRouter.js","statementMap":{"0":{"start":{"line":1,"column":15},"end":{"line":1,"column":42}},"1":{"start":{"line":2,"column":28},"end":{"line":2,"column":73}},"2":{"start":{"line":3,"column":32},"end":{"line":3,"column":81}},"3":{"start":{"line":5,"column":0},"end":{"line":5,"column":48}},"4":{"start":{"line":6,"column":0},"end":{"line":6,"column":62}},"5":{"start":{"line":7,"column":0},"end":{"line":7,"column":47}},"6":{"start":{"line":8,"column":0},"end":{"line":8,"column":80}},"7":{"start":{"line":10,"column":0},"end":{"line":10,"column":23}}},"fnMap":{},"branchMap":{},"s":{"0":4,"1":4,"2":4,"3":4,"4":4,"5":4,"6":4,"7":4},"f":{},"b":{},"_coverageSchema":"1a1c01bbd47fc00a2c39e90264f33305004495a9","hash":"525dd5209fd8549eac8527103752119d042d9bda"}
,"/Users/rifkybakar/hactiv8/phase3/week4/c-tracker-SERVER/routers/index.js": {"path":"/Users/rifkybakar/hactiv8/phase3/week4/c-tracker-SERVER/routers/index.js","statementMap":{"0":{"start":{"line":1,"column":15},"end":{"line":1,"column":42}},"1":{"start":{"line":2,"column":19},"end":{"line":2,"column":42}},"2":{"start":{"line":3,"column":23},"end":{"line":3,"column":50}},"3":{"start":{"line":4,"column":25},"end":{"line":4,"column":54}},"4":{"start":{"line":5,"column":22},"end":{"line":5,"column":48}},"5":{"start":{"line":6,"column":17},"end":{"line":6,"column":38}},"6":{"start":{"line":8,"column":0},"end":{"line":8,"column":27}},"7":{"start":{"line":9,"column":0},"end":{"line":9,"column":40}},"8":{"start":{"line":10,"column":0},"end":{"line":10,"column":44}},"9":{"start":{"line":11,"column":0},"end":{"line":11,"column":37}},"10":{"start":{"line":12,"column":0},"end":{"line":12,"column":27}},"11":{"start":{"line":14,"column":0},"end":{"line":14,"column":23}}},"fnMap":{},"branchMap":{},"s":{"0":4,"1":4,"2":4,"3":4,"4":4,"5":4,"6":4,"7":4,"8":4,"9":4,"10":4,"11":4},"f":{},"b":{},"_coverageSchema":"1a1c01bbd47fc00a2c39e90264f33305004495a9","hash":"9c4f5b8fa8681eb30ad21c467c643926edc8d881"}
,"/Users/rifkybakar/hactiv8/phase3/week4/c-tracker-SERVER/routers/qrRouter.js": {"path":"/Users/rifkybakar/hactiv8/phase3/week4/c-tracker-SERVER/routers/qrRouter.js","statementMap":{"0":{"start":{"line":1,"column":15},"end":{"line":1,"column":42}},"1":{"start":{"line":2,"column":30},"end":{"line":2,"column":77}},"2":{"start":{"line":3,"column":32},"end":{"line":3,"column":81}},"3":{"start":{"line":5,"column":0},"end":{"line":5,"column":59}},"4":{"start":{"line":6,"column":0},"end":{"line":6,"column":63}},"5":{"start":{"line":8,"column":0},"end":{"line":8,"column":23}}},"fnMap":{},"branchMap":{},"s":{"0":4,"1":4,"2":4,"3":4,"4":4,"5":4},"f":{},"b":{},"_coverageSchema":"1a1c01bbd47fc00a2c39e90264f33305004495a9","hash":"81d7e27e987e8fcae15dd413830d6e81ca2e2adb"}
,"/Users/rifkybakar/hactiv8/phase3/week4/c-tracker-SERVER/routers/restaurantRouter.js": {"path":"/Users/rifkybakar/hactiv8/phase3/week4/c-tracker-SERVER/routers/restaurantRouter.js","statementMap":{"0":{"start":{"line":1,"column":15},"end":{"line":1,"column":42}},"1":{"start":{"line":2,"column":29},"end":{"line":2,"column":75}},"2":{"start":{"line":4,"column":0},"end":{"line":4,"column":48}},"3":{"start":{"line":6,"column":0},"end":{"line":6,"column":23}}},"fnMap":{},"branchMap":{},"s":{"0":4,"1":4,"2":4,"3":4},"f":{},"b":{},"_coverageSchema":"1a1c01bbd47fc00a2c39e90264f33305004495a9","hash":"3d5d64baf0b928d91aedf63ce678edbe6e646565"}
,"/Users/rifkybakar/hactiv8/phase3/week4/c-tracker-SERVER/routers/userRouter.js": {"path":"/Users/rifkybakar/hactiv8/phase3/week4/c-tracker-SERVER/routers/userRouter.js","statementMap":{"0":{"start":{"line":1,"column":15},"end":{"line":1,"column":42}},"1":{"start":{"line":2,"column":24},"end":{"line":2,"column":65}},"2":{"start":{"line":4,"column":0},"end":{"line":4,"column":50}},"3":{"start":{"line":5,"column":0},"end":{"line":5,"column":45}},"4":{"start":{"line":6,"column":0},"end":{"line":6,"column":46}},"5":{"start":{"line":7,"column":0},"end":{"line":7,"column":71}},"6":{"start":{"line":8,"column":0},"end":{"line":8,"column":47}},"7":{"start":{"line":10,"column":0},"end":{"line":10,"column":23}}},"fnMap":{},"branchMap":{},"s":{"0":4,"1":4,"2":4,"3":4,"4":4,"5":4,"6":4,"7":4},"f":{},"b":{},"_coverageSchema":"1a1c01bbd47fc00a2c39e90264f33305004495a9","hash":"d29d32ffff1fb396f75c719e9d1c0fcf5ac0f8e7"}
}
