{"/home/satriko/Documents/Hacktiv8/phase3/week3/c-tracker-SERVER/app.js": {"path":"/home/satriko/Documents/Hacktiv8/phase3/week3/c-tracker-SERVER/app.js","statementMap":{"0":{"start":{"line":1,"column":0},"end":{"line":1,"column":26}},"1":{"start":{"line":2,"column":16},"end":{"line":2,"column":34}},"2":{"start":{"line":3,"column":12},"end":{"line":3,"column":21}},"3":{"start":{"line":5,"column":16},"end":{"line":5,"column":42}},"4":{"start":{"line":6,"column":11},"end":{"line":6,"column":33}},"5":{"start":{"line":7,"column":21},"end":{"line":7,"column":58}},"6":{"start":{"line":8,"column":13},"end":{"line":8,"column":28}},"7":{"start":{"line":10,"column":0},"end":{"line":10,"column":29}},"8":{"start":{"line":11,"column":0},"end":{"line":11,"column":44}},"9":{"start":{"line":12,"column":0},"end":{"line":12,"column":18}},"10":{"start":{"line":14,"column":0},"end":{"line":14,"column":44}},"11":{"start":{"line":15,"column":0},"end":{"line":15,"column":23}},"12":{"start":{"line":16,"column":0},"end":{"line":16,"column":15}},"13":{"start":{"line":18,"column":0},"end":{"line":18,"column":16}},"14":{"start":{"line":19,"column":0},"end":{"line":19,"column":21}},"15":{"start":{"line":25,"column":0},"end":{"line":25,"column":20}}},"fnMap":{},"branchMap":{},"s":{"0":5,"1":5,"2":5,"3":5,"4":5,"5":5,"6":5,"7":5,"8":5,"9":5,"10":5,"11":5,"12":5,"13":5,"14":5,"15":5},"f":{},"b":{},"_coverageSchema":"1a1c01bbd47fc00a2c39e90264f33305004495a9","hash":"c46ca6fb93ed42a211121871a453d8429416a205"}
,"/home/satriko/Documents/Hacktiv8/phase3/week3/c-tracker-SERVER/controllers/CoviidDataController.js": {"path":"/home/satriko/Documents/Hacktiv8/phase3/week3/c-tracker-SERVER/controllers/CoviidDataController.js","statementMap":{"0":{"start":{"line":1,"column":14},"end":{"line":1,"column":30}},"1":{"start":{"line":5,"column":8},"end":{"line":17,"column":9}},"2":{"start":{"line":6,"column":27},"end":{"line":6,"column":106}},"3":{"start":{"line":7,"column":12},"end":{"line":13,"column":14}},"4":{"start":{"line":15,"column":12},"end":{"line":15,"column":28}},"5":{"start":{"line":16,"column":12},"end":{"line":16,"column":21}},"6":{"start":{"line":21,"column":0},"end":{"line":21,"column":36}}},"fnMap":{"0":{"name":"(anonymous_0)","decl":{"start":{"line":4,"column":4},"end":{"line":4,"column":5}},"loc":{"start":{"line":4,"column":41},"end":{"line":18,"column":5}},"line":4}},"branchMap":{},"s":{"0":5,"1":1,"2":1,"3":1,"4":0,"5":0,"6":5},"f":{"0":1},"b":{},"_coverageSchema":"1a1c01bbd47fc00a2c39e90264f33305004495a9","hash":"7b0720638ff05cd5f8df57187782b932627e384a"}
,"/home/satriko/Documents/Hacktiv8/phase3/week3/c-tracker-SERVER/controllers/HospitalControllers.js": {"path":"/home/satriko/Documents/Hacktiv8/phase3/week3/c-tracker-SERVER/controllers/HospitalControllers.js","statementMap":{"0":{"start":{"line":1,"column":66},"end":{"line":1,"column":87}},"1":{"start":{"line":2,"column":22},"end":{"line":2,"column":50}},"2":{"start":{"line":3,"column":24},"end":{"line":3,"column":49}},"3":{"start":{"line":4,"column":15},"end":{"line":4,"column":35}},"4":{"start":{"line":5,"column":15},"end":{"line":5,"column":32}},"5":{"start":{"line":6,"column":29},"end":{"line":6,"column":63}},"6":{"start":{"line":10,"column":34},"end":{"line":10,"column":42}},"7":{"start":{"line":11,"column":8},"end":{"line":32,"column":9}},"8":{"start":{"line":12,"column":25},"end":{"line":12,"column":65}},"9":{"start":{"line":13,"column":12},"end":{"line":28,"column":13}},"10":{"start":{"line":14,"column":16},"end":{"line":14,"column":47}},"11":{"start":{"line":16,"column":36},"end":{"line":16,"column":72}},"12":{"start":{"line":17,"column":16},"end":{"line":27,"column":17}},"13":{"start":{"line":18,"column":20},"end":{"line":18,"column":51}},"14":{"start":{"line":20,"column":34},"end":{"line":24,"column":21}},"15":{"start":{"line":25,"column":34},"end":{"line":25,"column":56}},"16":{"start":{"line":26,"column":20},"end":{"line":26,"column":96}},"17":{"start":{"line":30,"column":12},"end":{"line":30,"column":28}},"18":{"start":{"line":31,"column":12},"end":{"line":31,"column":21}},"19":{"start":{"line":36,"column":21},"end":{"line":36,"column":31}},"20":{"start":{"line":37,"column":8},"end":{"line":51,"column":9}},"21":{"start":{"line":38,"column":29},"end":{"line":38,"column":66}},"22":{"start":{"line":39,"column":12},"end":{"line":48,"column":13}},"23":{"start":{"line":40,"column":16},"end":{"line":40,"column":46}},"24":{"start":{"line":42,"column":16},"end":{"line":47,"column":18}},"25":{"start":{"line":50,"column":12},"end":{"line":50,"column":21}},"26":{"start":{"line":54,"column":56},"end":{"line":54,"column":64}},"27":{"start":{"line":55,"column":8},"end":{"line":100,"column":9}},"28":{"start":{"line":56,"column":37},"end":{"line":56,"column":87}},"29":{"start":{"line":57,"column":39},"end":{"line":60,"column":60}},"30":{"start":{"line":61,"column":12},"end":{"line":96,"column":13}},"31":{"start":{"line":62,"column":16},"end":{"line":62,"column":67}},"32":{"start":{"line":64,"column":39},"end":{"line":71,"column":18}},"33":{"start":{"line":73,"column":31},"end":{"line":84,"column":22}},"34":{"start":{"line":85,"column":20},"end":{"line":85,"column":31}},"35":{"start":{"line":87,"column":31},"end":{"line":89,"column":17}},"36":{"start":{"line":90,"column":28},"end":{"line":90,"column":30}},"37":{"start":{"line":91,"column":16},"end":{"line":93,"column":18}},"38":{"start":{"line":92,"column":24},"end":{"line":92,"column":74}},"39":{"start":{"line":94,"column":16},"end":{"line":94,"column":83}},"40":{"start":{"line":95,"column":16},"end":{"line":95,"column":29}},"41":{"start":{"line":98,"column":12},"end":{"line":98,"column":28}},"42":{"start":{"line":99,"column":12},"end":{"line":99,"column":21}},"43":{"start":{"line":104,"column":0},"end":{"line":104,"column":36}}},"fnMap":{"0":{"name":"(anonymous_0)","decl":{"start":{"line":9,"column":4},"end":{"line":9,"column":5}},"loc":{"start":{"line":9,"column":39},"end":{"line":33,"column":5}},"line":9},"1":{"name":"(anonymous_1)","decl":{"start":{"line":35,"column":4},"end":{"line":35,"column":5}},"loc":{"start":{"line":35,"column":41},"end":{"line":52,"column":5}},"line":35},"2":{"name":"(anonymous_2)","decl":{"start":{"line":53,"column":4},"end":{"line":53,"column":5}},"loc":{"start":{"line":53,"column":46},"end":{"line":101,"column":5}},"line":53},"3":{"name":"userList","decl":{"start":{"line":72,"column":31},"end":{"line":72,"column":39}},"loc":{"start":{"line":72,"column":46},"end":{"line":86,"column":17}},"line":72},"4":{"name":"(anonymous_4)","decl":{"start":{"line":91,"column":34},"end":{"line":91,"column":35}},"loc":{"start":{"line":91,"column":42},"end":{"line":93,"column":17}},"line":91}},"branchMap":{"0":{"loc":{"start":{"line":13,"column":12},"end":{"line":28,"column":13}},"type":"if","locations":[{"start":{"line":13,"column":12},"end":{"line":28,"column":13}},{"start":{"line":13,"column":12},"end":{"line":28,"column":13}}],"line":13},"1":{"loc":{"start":{"line":17,"column":16},"end":{"line":27,"column":17}},"type":"if","locations":[{"start":{"line":17,"column":16},"end":{"line":27,"column":17}},{"start":{"line":17,"column":16},"end":{"line":27,"column":17}}],"line":17},"2":{"loc":{"start":{"line":39,"column":12},"end":{"line":48,"column":13}},"type":"if","locations":[{"start":{"line":39,"column":12},"end":{"line":48,"column":13}},{"start":{"line":39,"column":12},"end":{"line":48,"column":13}}],"line":39},"3":{"loc":{"start":{"line":61,"column":12},"end":{"line":96,"column":13}},"type":"if","locations":[{"start":{"line":61,"column":12},"end":{"line":96,"column":13}},{"start":{"line":61,"column":12},"end":{"line":96,"column":13}}],"line":61}},"s":{"0":5,"1":5,"2":5,"3":5,"4":5,"5":5,"6":3,"7":3,"8":3,"9":3,"10":1,"11":2,"12":2,"13":1,"14":1,"15":1,"16":1,"17":2,"18":2,"19":2,"20":2,"21":2,"22":2,"23":1,"24":1,"25":1,"26":3,"27":3,"28":3,"29":2,"30":2,"31":1,"32":1,"33":1,"34":1,"35":1,"36":1,"37":1,"38":2,"39":1,"40":1,"41":1,"42":1,"43":5},"f":{"0":3,"1":2,"2":3,"3":1,"4":2},"b":{"0":[1,2],"1":[1,1],"2":[1,1],"3":[1,1]},"_coverageSchema":"1a1c01bbd47fc00a2c39e90264f33305004495a9","hash":"02a2d528a4adb2a0f087e8ad6df03789c46a8a8a"}
,"/home/satriko/Documents/Hacktiv8/phase3/week3/c-tracker-SERVER/controllers/QrHospitalControllers.js": {"path":"/home/satriko/Documents/Hacktiv8/phase3/week3/c-tracker-SERVER/controllers/QrHospitalControllers.js","statementMap":{"0":{"start":{"line":1,"column":19},"end":{"line":1,"column":40}},"1":{"start":{"line":2,"column":22},"end":{"line":2,"column":50}},"2":{"start":{"line":3,"column":24},"end":{"line":3,"column":49}},"3":{"start":{"line":4,"column":11},"end":{"line":4,"column":28}},"4":{"start":{"line":8,"column":21},"end":{"line":8,"column":31}},"5":{"start":{"line":9,"column":8},"end":{"line":36,"column":9}},"6":{"start":{"line":10,"column":29},"end":{"line":10,"column":66}},"7":{"start":{"line":11,"column":12},"end":{"line":33,"column":13}},"8":{"start":{"line":12,"column":16},"end":{"line":12,"column":46}},"9":{"start":{"line":15,"column":16},"end":{"line":21,"column":17}},"10":{"start":{"line":23,"column":31},"end":{"line":23,"column":51}},"11":{"start":{"line":25,"column":16},"end":{"line":32,"column":18}},"12":{"start":{"line":30,"column":20},"end":{"line":30,"column":62}},"13":{"start":{"line":35,"column":12},"end":{"line":35,"column":21}},"14":{"start":{"line":40,"column":0},"end":{"line":40,"column":36}}},"fnMap":{"0":{"name":"(anonymous_0)","decl":{"start":{"line":7,"column":4},"end":{"line":7,"column":5}},"loc":{"start":{"line":7,"column":41},"end":{"line":37,"column":5}},"line":7},"1":{"name":"(anonymous_1)","decl":{"start":{"line":25,"column":36},"end":{"line":25,"column":37}},"loc":{"start":{"line":26,"column":16},"end":{"line":32,"column":17}},"line":26}},"branchMap":{"0":{"loc":{"start":{"line":11,"column":12},"end":{"line":33,"column":13}},"type":"if","locations":[{"start":{"line":11,"column":12},"end":{"line":33,"column":13}},{"start":{"line":11,"column":12},"end":{"line":33,"column":13}}],"line":11}},"s":{"0":5,"1":5,"2":5,"3":5,"4":2,"5":2,"6":2,"7":2,"8":1,"9":1,"10":1,"11":1,"12":1,"13":1,"14":5},"f":{"0":2,"1":1},"b":{"0":[1,1]},"_coverageSchema":"1a1c01bbd47fc00a2c39e90264f33305004495a9","hash":"8f8206e35b664fc57d8726bddd7cce607f948bc4"}
,"/home/satriko/Documents/Hacktiv8/phase3/week3/c-tracker-SERVER/controllers/QrRestaurantControllers.js": {"path":"/home/satriko/Documents/Hacktiv8/phase3/week3/c-tracker-SERVER/controllers/QrRestaurantControllers.js","statementMap":{"0":{"start":{"line":1,"column":21},"end":{"line":1,"column":42}},"1":{"start":{"line":2,"column":11},"end":{"line":2,"column":28}},"2":{"start":{"line":6,"column":21},"end":{"line":6,"column":31}},"3":{"start":{"line":7,"column":8},"end":{"line":39,"column":9}},"4":{"start":{"line":8,"column":31},"end":{"line":8,"column":70}},"5":{"start":{"line":9,"column":12},"end":{"line":35,"column":13}},"6":{"start":{"line":10,"column":16},"end":{"line":10,"column":46}},"7":{"start":{"line":13,"column":16},"end":{"line":19,"column":17}},"8":{"start":{"line":26,"column":31},"end":{"line":26,"column":51}},"9":{"start":{"line":28,"column":16},"end":{"line":34,"column":18}},"10":{"start":{"line":32,"column":20},"end":{"line":32,"column":64}},"11":{"start":{"line":37,"column":12},"end":{"line":37,"column":62}},"12":{"start":{"line":38,"column":12},"end":{"line":38,"column":21}},"13":{"start":{"line":43,"column":0},"end":{"line":43,"column":37}}},"fnMap":{"0":{"name":"(anonymous_0)","decl":{"start":{"line":5,"column":4},"end":{"line":5,"column":5}},"loc":{"start":{"line":5,"column":41},"end":{"line":40,"column":5}},"line":5},"1":{"name":"(anonymous_1)","decl":{"start":{"line":28,"column":36},"end":{"line":28,"column":37}},"loc":{"start":{"line":29,"column":16},"end":{"line":34,"column":17}},"line":29}},"branchMap":{"0":{"loc":{"start":{"line":9,"column":12},"end":{"line":35,"column":13}},"type":"if","locations":[{"start":{"line":9,"column":12},"end":{"line":35,"column":13}},{"start":{"line":9,"column":12},"end":{"line":35,"column":13}}],"line":9}},"s":{"0":5,"1":5,"2":2,"3":2,"4":2,"5":2,"6":1,"7":1,"8":1,"9":1,"10":1,"11":1,"12":1,"13":5},"f":{"0":2,"1":1},"b":{"0":[1,1]},"_coverageSchema":"1a1c01bbd47fc00a2c39e90264f33305004495a9","hash":"764a39073f23efb5c9a425aaebbf7586cf6bfe47"}
,"/home/satriko/Documents/Hacktiv8/phase3/week3/c-tracker-SERVER/controllers/RestaurantController.js": {"path":"/home/satriko/Documents/Hacktiv8/phase3/week3/c-tracker-SERVER/controllers/RestaurantController.js","statementMap":{"0":{"start":{"line":1,"column":21},"end":{"line":1,"column":42}},"1":{"start":{"line":5,"column":21},"end":{"line":5,"column":31}},"2":{"start":{"line":6,"column":8},"end":{"line":19,"column":9}},"3":{"start":{"line":7,"column":31},"end":{"line":7,"column":70}},"4":{"start":{"line":8,"column":12},"end":{"line":16,"column":13}},"5":{"start":{"line":9,"column":16},"end":{"line":9,"column":46}},"6":{"start":{"line":11,"column":16},"end":{"line":15,"column":18}},"7":{"start":{"line":18,"column":12},"end":{"line":18,"column":21}},"8":{"start":{"line":23,"column":0},"end":{"line":23,"column":37}}},"fnMap":{"0":{"name":"(anonymous_0)","decl":{"start":{"line":4,"column":4},"end":{"line":4,"column":5}},"loc":{"start":{"line":4,"column":41},"end":{"line":20,"column":5}},"line":4}},"branchMap":{"0":{"loc":{"start":{"line":8,"column":12},"end":{"line":16,"column":13}},"type":"if","locations":[{"start":{"line":8,"column":12},"end":{"line":16,"column":13}},{"start":{"line":8,"column":12},"end":{"line":16,"column":13}}],"line":8}},"s":{"0":5,"1":2,"2":2,"3":2,"4":2,"5":1,"6":1,"7":1,"8":5},"f":{"0":2},"b":{"0":[1,1]},"_coverageSchema":"1a1c01bbd47fc00a2c39e90264f33305004495a9","hash":"dae9db84f8e869b095c11f59f1e90a934d71b62a"}
,"/home/satriko/Documents/Hacktiv8/phase3/week3/c-tracker-SERVER/controllers/UserControllers.js": {"path":"/home/satriko/Documents/Hacktiv8/phase3/week3/c-tracker-SERVER/controllers/UserControllers.js","statementMap":{"0":{"start":{"line":1,"column":15},"end":{"line":1,"column":36}},"1":{"start":{"line":2,"column":15},"end":{"line":2,"column":39}},"2":{"start":{"line":3,"column":15},"end":{"line":3,"column":69}},"3":{"start":{"line":4,"column":37},"end":{"line":4,"column":62}},"4":{"start":{"line":5,"column":19},"end":{"line":5,"column":40}},"5":{"start":{"line":10,"column":40},"end":{"line":10,"column":48}},"6":{"start":{"line":11,"column":8},"end":{"line":61,"column":9}},"7":{"start":{"line":12,"column":42},"end":{"line":12,"column":78}},"8":{"start":{"line":13,"column":12},"end":{"line":58,"column":13}},"9":{"start":{"line":14,"column":16},"end":{"line":14,"column":48}},"10":{"start":{"line":16,"column":45},"end":{"line":16,"column":81}},"11":{"start":{"line":17,"column":16},"end":{"line":57,"column":17}},"12":{"start":{"line":18,"column":20},"end":{"line":18,"column":52}},"13":{"start":{"line":20,"column":33},"end":{"line":22,"column":22}},"14":{"start":{"line":23,"column":36},"end":{"line":25,"column":21}},"15":{"start":{"line":26,"column":34},"end":{"line":26,"column":56}},"16":{"start":{"line":27,"column":38},"end":{"line":35,"column":22}},"17":{"start":{"line":36,"column":38},"end":{"line":44,"column":21}},"18":{"start":{"line":45,"column":20},"end":{"line":56,"column":22}},"19":{"start":{"line":46,"column":24},"end":{"line":55,"column":25}},"20":{"start":{"line":47,"column":28},"end":{"line":47,"column":44}},"21":{"start":{"line":49,"column":28},"end":{"line":49,"column":67}},"22":{"start":{"line":50,"column":28},"end":{"line":54,"column":30}},"23":{"start":{"line":60,"column":12},"end":{"line":60,"column":21}},"24":{"start":{"line":64,"column":24},"end":{"line":64,"column":33}},"25":{"start":{"line":65,"column":23},"end":{"line":65,"column":41}},"26":{"start":{"line":66,"column":21},"end":{"line":72,"column":10}},"27":{"start":{"line":73,"column":8},"end":{"line":73,"column":88}},"28":{"start":{"line":76,"column":22},"end":{"line":76,"column":30}},"29":{"start":{"line":77,"column":8},"end":{"line":101,"column":9}},"30":{"start":{"line":78,"column":25},"end":{"line":78,"column":60}},"31":{"start":{"line":79,"column":12},"end":{"line":97,"column":13}},"32":{"start":{"line":80,"column":16},"end":{"line":80,"column":44}},"33":{"start":{"line":81,"column":19},"end":{"line":97,"column":13}},"34":{"start":{"line":82,"column":16},"end":{"line":82,"column":50}},"35":{"start":{"line":84,"column":16},"end":{"line":96,"column":17}},"36":{"start":{"line":85,"column":20},"end":{"line":85,"column":48}},"37":{"start":{"line":87,"column":36},"end":{"line":94,"column":26}},"38":{"start":{"line":95,"column":20},"end":{"line":95,"column":82}},"39":{"start":{"line":99,"column":12},"end":{"line":99,"column":28}},"40":{"start":{"line":100,"column":12},"end":{"line":100,"column":21}},"41":{"start":{"line":104,"column":38},"end":{"line":104,"column":46}},"42":{"start":{"line":105,"column":8},"end":{"line":139,"column":9}},"43":{"start":{"line":106,"column":25},"end":{"line":106,"column":61}},"44":{"start":{"line":107,"column":30},"end":{"line":114,"column":18}},"45":{"start":{"line":115,"column":12},"end":{"line":136,"column":13}},"46":{"start":{"line":116,"column":16},"end":{"line":116,"column":43}},"47":{"start":{"line":118,"column":36},"end":{"line":120,"column":36}},"48":{"start":{"line":121,"column":30},"end":{"line":124,"column":17}},"49":{"start":{"line":125,"column":28},"end":{"line":125,"column":50}},"50":{"start":{"line":126,"column":16},"end":{"line":135,"column":18}},"51":{"start":{"line":138,"column":12},"end":{"line":138,"column":21}},"52":{"start":{"line":142,"column":22},"end":{"line":142,"column":30}},"53":{"start":{"line":143,"column":8},"end":{"line":155,"column":9}},"54":{"start":{"line":144,"column":35},"end":{"line":150,"column":14}},"55":{"start":{"line":151,"column":12},"end":{"line":151,"column":61}},"56":{"start":{"line":153,"column":12},"end":{"line":153,"column":28}},"57":{"start":{"line":154,"column":12},"end":{"line":154,"column":21}},"58":{"start":{"line":159,"column":0},"end":{"line":159,"column":32}}},"fnMap":{"0":{"name":"(anonymous_0)","decl":{"start":{"line":9,"column":4},"end":{"line":9,"column":5}},"loc":{"start":{"line":9,"column":42},"end":{"line":62,"column":5}},"line":9},"1":{"name":"(anonymous_1)","decl":{"start":{"line":45,"column":54},"end":{"line":45,"column":55}},"loc":{"start":{"line":45,"column":69},"end":{"line":56,"column":21}},"line":45},"2":{"name":"(anonymous_2)","decl":{"start":{"line":63,"column":4},"end":{"line":63,"column":5}},"loc":{"start":{"line":63,"column":49},"end":{"line":74,"column":5}},"line":63},"3":{"name":"(anonymous_3)","decl":{"start":{"line":75,"column":4},"end":{"line":75,"column":5}},"loc":{"start":{"line":75,"column":39},"end":{"line":102,"column":5}},"line":75},"4":{"name":"(anonymous_4)","decl":{"start":{"line":103,"column":4},"end":{"line":103,"column":5}},"loc":{"start":{"line":103,"column":40},"end":{"line":140,"column":5}},"line":103},"5":{"name":"(anonymous_5)","decl":{"start":{"line":141,"column":4},"end":{"line":141,"column":5}},"loc":{"start":{"line":141,"column":40},"end":{"line":156,"column":5}},"line":141}},"branchMap":{"0":{"loc":{"start":{"line":13,"column":12},"end":{"line":58,"column":13}},"type":"if","locations":[{"start":{"line":13,"column":12},"end":{"line":58,"column":13}},{"start":{"line":13,"column":12},"end":{"line":58,"column":13}}],"line":13},"1":{"loc":{"start":{"line":17,"column":16},"end":{"line":57,"column":17}},"type":"if","locations":[{"start":{"line":17,"column":16},"end":{"line":57,"column":17}},{"start":{"line":17,"column":16},"end":{"line":57,"column":17}}],"line":17},"2":{"loc":{"start":{"line":46,"column":24},"end":{"line":55,"column":25}},"type":"if","locations":[{"start":{"line":46,"column":24},"end":{"line":55,"column":25}},{"start":{"line":46,"column":24},"end":{"line":55,"column":25}}],"line":46},"3":{"loc":{"start":{"line":79,"column":12},"end":{"line":97,"column":13}},"type":"if","locations":[{"start":{"line":79,"column":12},"end":{"line":97,"column":13}},{"start":{"line":79,"column":12},"end":{"line":97,"column":13}}],"line":79},"4":{"loc":{"start":{"line":81,"column":19},"end":{"line":97,"column":13}},"type":"if","locations":[{"start":{"line":81,"column":19},"end":{"line":97,"column":13}},{"start":{"line":81,"column":19},"end":{"line":97,"column":13}}],"line":81},"5":{"loc":{"start":{"line":84,"column":16},"end":{"line":96,"column":17}},"type":"if","locations":[{"start":{"line":84,"column":16},"end":{"line":96,"column":17}},{"start":{"line":84,"column":16},"end":{"line":96,"column":17}}],"line":84},"6":{"loc":{"start":{"line":115,"column":12},"end":{"line":136,"column":13}},"type":"if","locations":[{"start":{"line":115,"column":12},"end":{"line":136,"column":13}},{"start":{"line":115,"column":12},"end":{"line":136,"column":13}}],"line":115}},"s":{"0":5,"1":5,"2":5,"3":5,"4":5,"5":5,"6":5,"7":5,"8":5,"9":1,"10":4,"11":4,"12":1,"13":3,"14":1,"15":1,"16":1,"17":1,"18":1,"19":1,"20":0,"21":1,"22":1,"23":4,"24":1,"25":1,"26":1,"27":1,"28":4,"29":4,"30":4,"31":4,"32":1,"33":3,"34":1,"35":2,"36":1,"37":1,"38":1,"39":3,"40":3,"41":0,"42":0,"43":0,"44":0,"45":0,"46":0,"47":0,"48":0,"49":0,"50":0,"51":0,"52":2,"53":2,"54":2,"55":1,"56":1,"57":1,"58":5},"f":{"0":5,"1":1,"2":1,"3":4,"4":0,"5":2},"b":{"0":[1,4],"1":[1,3],"2":[0,1],"3":[1,3],"4":[1,2],"5":[1,1],"6":[0,0]},"_coverageSchema":"1a1c01bbd47fc00a2c39e90264f33305004495a9","hash":"2529ed0168b695f41031aeb736c243c95ba0da52"}
,"/home/satriko/Documents/Hacktiv8/phase3/week3/c-tracker-SERVER/controllers/UserHospitalControllers.js": {"path":"/home/satriko/Documents/Hacktiv8/phase3/week3/c-tracker-SERVER/controllers/UserHospitalControllers.js","statementMap":{"0":{"start":{"line":1,"column":39},"end":{"line":1,"column":60}},"1":{"start":{"line":5,"column":50},"end":{"line":5,"column":58}},"2":{"start":{"line":6,"column":8},"end":{"line":13,"column":9}},"3":{"start":{"line":7,"column":36},"end":{"line":9,"column":14}},"4":{"start":{"line":10,"column":12},"end":{"line":10,"column":92}},"5":{"start":{"line":12,"column":12},"end":{"line":12,"column":21}},"6":{"start":{"line":16,"column":25},"end":{"line":16,"column":35}},"7":{"start":{"line":17,"column":8},"end":{"line":27,"column":9}},"8":{"start":{"line":18,"column":28},"end":{"line":23,"column":14}},"9":{"start":{"line":24,"column":12},"end":{"line":24,"column":43}},"10":{"start":{"line":26,"column":12},"end":{"line":26,"column":21}},"11":{"start":{"line":30,"column":29},"end":{"line":30,"column":39}},"12":{"start":{"line":31,"column":8},"end":{"line":41,"column":9}},"13":{"start":{"line":32,"column":25},"end":{"line":37,"column":14}},"14":{"start":{"line":38,"column":12},"end":{"line":38,"column":40}},"15":{"start":{"line":40,"column":12},"end":{"line":40,"column":21}},"16":{"start":{"line":45,"column":0},"end":{"line":45,"column":40}}},"fnMap":{"0":{"name":"(anonymous_0)","decl":{"start":{"line":4,"column":4},"end":{"line":4,"column":5}},"loc":{"start":{"line":4,"column":40},"end":{"line":14,"column":5}},"line":4},"1":{"name":"(anonymous_1)","decl":{"start":{"line":15,"column":4},"end":{"line":15,"column":5}},"loc":{"start":{"line":15,"column":45},"end":{"line":28,"column":5}},"line":15},"2":{"name":"(anonymous_2)","decl":{"start":{"line":29,"column":4},"end":{"line":29,"column":5}},"loc":{"start":{"line":29,"column":49},"end":{"line":42,"column":5}},"line":29}},"branchMap":{},"s":{"0":5,"1":1,"2":1,"3":1,"4":1,"5":0,"6":1,"7":1,"8":1,"9":1,"10":0,"11":1,"12":1,"13":1,"14":1,"15":0,"16":5},"f":{"0":1,"1":1,"2":1},"b":{},"_coverageSchema":"1a1c01bbd47fc00a2c39e90264f33305004495a9","hash":"c8739ed558678a751ec7e36c5a80d21f74cdd90c"}
,"/home/satriko/Documents/Hacktiv8/phase3/week3/c-tracker-SERVER/controllers/UserRestaurantControllers.js": {"path":"/home/satriko/Documents/Hacktiv8/phase3/week3/c-tracker-SERVER/controllers/UserRestaurantControllers.js","statementMap":{"0":{"start":{"line":1,"column":37},"end":{"line":1,"column":58}},"1":{"start":{"line":5,"column":39},"end":{"line":5,"column":47}},"2":{"start":{"line":6,"column":8},"end":{"line":13,"column":9}},"3":{"start":{"line":7,"column":38},"end":{"line":9,"column":14}},"4":{"start":{"line":10,"column":12},"end":{"line":10,"column":96}},"5":{"start":{"line":12,"column":12},"end":{"line":12,"column":21}},"6":{"start":{"line":16,"column":25},"end":{"line":16,"column":35}},"7":{"start":{"line":17,"column":8},"end":{"line":25,"column":9}},"8":{"start":{"line":18,"column":28},"end":{"line":21,"column":14}},"9":{"start":{"line":22,"column":12},"end":{"line":22,"column":43}},"10":{"start":{"line":24,"column":12},"end":{"line":24,"column":21}},"11":{"start":{"line":29,"column":0},"end":{"line":29,"column":42}}},"fnMap":{"0":{"name":"(anonymous_0)","decl":{"start":{"line":4,"column":4},"end":{"line":4,"column":5}},"loc":{"start":{"line":4,"column":40},"end":{"line":14,"column":5}},"line":4},"1":{"name":"(anonymous_1)","decl":{"start":{"line":15,"column":4},"end":{"line":15,"column":5}},"loc":{"start":{"line":15,"column":45},"end":{"line":26,"column":5}},"line":15}},"branchMap":{},"s":{"0":5,"1":1,"2":1,"3":1,"4":1,"5":0,"6":1,"7":1,"8":1,"9":1,"10":0,"11":5},"f":{"0":1,"1":1},"b":{},"_coverageSchema":"1a1c01bbd47fc00a2c39e90264f33305004495a9","hash":"0e9b019c5a846e9cfe507e690cb69ab659a4fb3e"}
,"/home/satriko/Documents/Hacktiv8/phase3/week3/c-tracker-SERVER/helpers/bcrypt.js": {"path":"/home/satriko/Documents/Hacktiv8/phase3/week3/c-tracker-SERVER/helpers/bcrypt.js","statementMap":{"0":{"start":{"line":1,"column":15},"end":{"line":1,"column":34}},"1":{"start":{"line":4,"column":15},"end":{"line":4,"column":37}},"2":{"start":{"line":5,"column":4},"end":{"line":5,"column":38}},"3":{"start":{"line":9,"column":4},"end":{"line":9,"column":41}},"4":{"start":{"line":12,"column":0},"end":{"line":12,"column":40}}},"fnMap":{"0":{"name":"hashData","decl":{"start":{"line":3,"column":9},"end":{"line":3,"column":17}},"loc":{"start":{"line":3,"column":24},"end":{"line":6,"column":1}},"line":3},"1":{"name":"compareHash","decl":{"start":{"line":8,"column":9},"end":{"line":8,"column":20}},"loc":{"start":{"line":8,"column":33},"end":{"line":10,"column":1}},"line":8}},"branchMap":{},"s":{"0":5,"1":1,"2":1,"3":2,"4":5},"f":{"0":1,"1":2},"b":{},"_coverageSchema":"1a1c01bbd47fc00a2c39e90264f33305004495a9","hash":"0a0ceee0faa36b77ef58136667668c458170e891"}
,"/home/satriko/Documents/Hacktiv8/phase3/week3/c-tracker-SERVER/helpers/jwt.js": {"path":"/home/satriko/Documents/Hacktiv8/phase3/week3/c-tracker-SERVER/helpers/jwt.js","statementMap":{"0":{"start":{"line":1,"column":12},"end":{"line":1,"column":35}},"1":{"start":{"line":4,"column":4},"end":{"line":4,"column":48}},"2":{"start":{"line":8,"column":4},"end":{"line":8,"column":48}},"3":{"start":{"line":11,"column":0},"end":{"line":11,"column":45}}},"fnMap":{"0":{"name":"generateToken","decl":{"start":{"line":3,"column":9},"end":{"line":3,"column":22}},"loc":{"start":{"line":3,"column":32},"end":{"line":5,"column":1}},"line":3},"1":{"name":"verifyToken","decl":{"start":{"line":7,"column":9},"end":{"line":7,"column":20}},"loc":{"start":{"line":7,"column":28},"end":{"line":9,"column":1}},"line":7}},"branchMap":{},"s":{"0":5,"1":3,"2":1,"3":5},"f":{"0":3,"1":1},"b":{},"_coverageSchema":"1a1c01bbd47fc00a2c39e90264f33305004495a9","hash":"74d507888e614ec98d76ef8c37d4941526d98c1d"}
,"/home/satriko/Documents/Hacktiv8/phase3/week3/c-tracker-SERVER/helpers/notification.js": {"path":"/home/satriko/Documents/Hacktiv8/phase3/week3/c-tracker-SERVER/helpers/notification.js","statementMap":{"0":{"start":{"line":1,"column":14},"end":{"line":1,"column":30}},"1":{"start":{"line":3,"column":20},"end":{"line":10,"column":5}},"2":{"start":{"line":12,"column":4},"end":{"line":25,"column":8}},"3":{"start":{"line":21,"column":8},"end":{"line":21,"column":40}},"4":{"start":{"line":24,"column":8},"end":{"line":24,"column":36}},"5":{"start":{"line":29,"column":2},"end":{"line":29,"column":39}}},"fnMap":{"0":{"name":"sendPushNotification","decl":{"start":{"line":2,"column":15},"end":{"line":2,"column":35}},"loc":{"start":{"line":2,"column":51},"end":{"line":26,"column":3}},"line":2},"1":{"name":"(anonymous_1)","decl":{"start":{"line":20,"column":11},"end":{"line":20,"column":12}},"loc":{"start":{"line":20,"column":25},"end":{"line":22,"column":7}},"line":20},"2":{"name":"(anonymous_2)","decl":{"start":{"line":23,"column":14},"end":{"line":23,"column":15}},"loc":{"start":{"line":23,"column":29},"end":{"line":25,"column":7}},"line":23}},"branchMap":{},"s":{"0":5,"1":0,"2":0,"3":0,"4":0,"5":5},"f":{"0":0,"1":0,"2":0},"b":{},"_coverageSchema":"1a1c01bbd47fc00a2c39e90264f33305004495a9","hash":"57d5a84c6b0eea9b6b5147cd2bfb57d5d67a819d"}
,"/home/satriko/Documents/Hacktiv8/phase3/week3/c-tracker-SERVER/middlewares/errorHandler.js": {"path":"/home/satriko/Documents/Hacktiv8/phase3/week3/c-tracker-SERVER/middlewares/errorHandler.js","statementMap":{"0":{"start":{"line":2,"column":17},"end":{"line":2,"column":19}},"1":{"start":{"line":3,"column":21},"end":{"line":3,"column":24}},"2":{"start":{"line":5,"column":4},"end":{"line":36,"column":5}},"3":{"start":{"line":6,"column":8},"end":{"line":6,"column":24}},"4":{"start":{"line":7,"column":8},"end":{"line":9,"column":11}},"5":{"start":{"line":8,"column":12},"end":{"line":8,"column":34}},"6":{"start":{"line":10,"column":11},"end":{"line":36,"column":5}},"7":{"start":{"line":11,"column":8},"end":{"line":11,"column":24}},"8":{"start":{"line":12,"column":8},"end":{"line":12,"column":55}},"9":{"start":{"line":13,"column":11},"end":{"line":36,"column":5}},"10":{"start":{"line":14,"column":8},"end":{"line":14,"column":24}},"11":{"start":{"line":15,"column":8},"end":{"line":15,"column":47}},"12":{"start":{"line":16,"column":11},"end":{"line":36,"column":5}},"13":{"start":{"line":17,"column":8},"end":{"line":17,"column":24}},"14":{"start":{"line":18,"column":8},"end":{"line":18,"column":43}},"15":{"start":{"line":19,"column":11},"end":{"line":36,"column":5}},"16":{"start":{"line":20,"column":8},"end":{"line":20,"column":24}},"17":{"start":{"line":21,"column":8},"end":{"line":21,"column":34}},"18":{"start":{"line":22,"column":11},"end":{"line":36,"column":5}},"19":{"start":{"line":23,"column":8},"end":{"line":23,"column":24}},"20":{"start":{"line":24,"column":8},"end":{"line":24,"column":48}},"21":{"start":{"line":25,"column":11},"end":{"line":36,"column":5}},"22":{"start":{"line":26,"column":8},"end":{"line":26,"column":24}},"23":{"start":{"line":27,"column":8},"end":{"line":27,"column":37}},"24":{"start":{"line":28,"column":11},"end":{"line":36,"column":5}},"25":{"start":{"line":29,"column":8},"end":{"line":29,"column":24}},"26":{"start":{"line":30,"column":8},"end":{"line":30,"column":65}},"27":{"start":{"line":31,"column":11},"end":{"line":36,"column":5}},"28":{"start":{"line":32,"column":8},"end":{"line":32,"column":24}},"29":{"start":{"line":33,"column":8},"end":{"line":33,"column":66}},"30":{"start":{"line":35,"column":8},"end":{"line":35,"column":44}},"31":{"start":{"line":37,"column":4},"end":{"line":37,"column":41}},"32":{"start":{"line":40,"column":0},"end":{"line":40,"column":29}}},"fnMap":{"0":{"name":"errorHandler","decl":{"start":{"line":1,"column":9},"end":{"line":1,"column":21}},"loc":{"start":{"line":1,"column":43},"end":{"line":38,"column":1}},"line":1},"1":{"name":"(anonymous_1)","decl":{"start":{"line":7,"column":27},"end":{"line":7,"column":28}},"loc":{"start":{"line":7,"column":32},"end":{"line":9,"column":9}},"line":7}},"branchMap":{"0":{"loc":{"start":{"line":5,"column":4},"end":{"line":36,"column":5}},"type":"if","locations":[{"start":{"line":5,"column":4},"end":{"line":36,"column":5}},{"start":{"line":5,"column":4},"end":{"line":36,"column":5}}],"line":5},"1":{"loc":{"start":{"line":10,"column":11},"end":{"line":36,"column":5}},"type":"if","locations":[{"start":{"line":10,"column":11},"end":{"line":36,"column":5}},{"start":{"line":10,"column":11},"end":{"line":36,"column":5}}],"line":10},"2":{"loc":{"start":{"line":13,"column":11},"end":{"line":36,"column":5}},"type":"if","locations":[{"start":{"line":13,"column":11},"end":{"line":36,"column":5}},{"start":{"line":13,"column":11},"end":{"line":36,"column":5}}],"line":13},"3":{"loc":{"start":{"line":16,"column":11},"end":{"line":36,"column":5}},"type":"if","locations":[{"start":{"line":16,"column":11},"end":{"line":36,"column":5}},{"start":{"line":16,"column":11},"end":{"line":36,"column":5}}],"line":16},"4":{"loc":{"start":{"line":19,"column":11},"end":{"line":36,"column":5}},"type":"if","locations":[{"start":{"line":19,"column":11},"end":{"line":36,"column":5}},{"start":{"line":19,"column":11},"end":{"line":36,"column":5}}],"line":19},"5":{"loc":{"start":{"line":22,"column":11},"end":{"line":36,"column":5}},"type":"if","locations":[{"start":{"line":22,"column":11},"end":{"line":36,"column":5}},{"start":{"line":22,"column":11},"end":{"line":36,"column":5}}],"line":22},"6":{"loc":{"start":{"line":25,"column":11},"end":{"line":36,"column":5}},"type":"if","locations":[{"start":{"line":25,"column":11},"end":{"line":36,"column":5}},{"start":{"line":25,"column":11},"end":{"line":36,"column":5}}],"line":25},"7":{"loc":{"start":{"line":28,"column":11},"end":{"line":36,"column":5}},"type":"if","locations":[{"start":{"line":28,"column":11},"end":{"line":36,"column":5}},{"start":{"line":28,"column":11},"end":{"line":36,"column":5}}],"line":28},"8":{"loc":{"start":{"line":31,"column":11},"end":{"line":36,"column":5}},"type":"if","locations":[{"start":{"line":31,"column":11},"end":{"line":36,"column":5}},{"start":{"line":31,"column":11},"end":{"line":36,"column":5}}],"line":31}},"s":{"0":15,"1":15,"2":15,"3":2,"4":2,"5":3,"6":13,"7":1,"8":1,"9":12,"10":1,"11":1,"12":11,"13":1,"14":1,"15":10,"16":0,"17":0,"18":10,"19":2,"20":2,"21":8,"22":4,"23":4,"24":4,"25":1,"26":1,"27":3,"28":1,"29":1,"30":2,"31":15,"32":5},"f":{"0":15,"1":3},"b":{"0":[2,13],"1":[1,12],"2":[1,11],"3":[1,10],"4":[0,10],"5":[2,8],"6":[4,4],"7":[1,3],"8":[1,2]},"_coverageSchema":"1a1c01bbd47fc00a2c39e90264f33305004495a9","hash":"f5c307b1cc6bcb70a49911470169401d83c6f5ee"}
,"/home/satriko/Documents/Hacktiv8/phase3/week3/c-tracker-SERVER/models/hospital.js": {"path":"/home/satriko/Documents/Hacktiv8/phase3/week3/c-tracker-SERVER/models/hospital.js","statementMap":{"0":{"start":{"line":4,"column":4},"end":{"line":4,"column":24}},"1":{"start":{"line":5,"column":0},"end":{"line":27,"column":2}},"2":{"start":{"line":14,"column":6},"end":{"line":14,"column":90}},"3":{"start":{"line":17,"column":2},"end":{"line":25,"column":5}},"4":{"start":{"line":26,"column":2},"end":{"line":26,"column":18}}},"fnMap":{"0":{"name":"(anonymous_0)","decl":{"start":{"line":5,"column":17},"end":{"line":5,"column":18}},"loc":{"start":{"line":5,"column":43},"end":{"line":27,"column":1}},"line":5},"1":{"name":"(anonymous_1)","decl":{"start":{"line":12,"column":4},"end":{"line":12,"column":5}},"loc":{"start":{"line":12,"column":29},"end":{"line":15,"column":5}},"line":12}},"branchMap":{},"s":{"0":5,"1":5,"2":5,"3":5,"4":5},"f":{"0":5,"1":5},"b":{},"_coverageSchema":"1a1c01bbd47fc00a2c39e90264f33305004495a9","hash":"be4f1ac11ada55f464af9672aaa26c3b2bd9236c"}
,"/home/satriko/Documents/Hacktiv8/phase3/week3/c-tracker-SERVER/models/index.js": {"path":"/home/satriko/Documents/Hacktiv8/phase3/week3/c-tracker-SERVER/models/index.js","statementMap":{"0":{"start":{"line":3,"column":11},"end":{"line":3,"column":24}},"1":{"start":{"line":4,"column":13},"end":{"line":4,"column":28}},"2":{"start":{"line":5,"column":18},"end":{"line":5,"column":38}},"3":{"start":{"line":6,"column":17},"end":{"line":6,"column":42}},"4":{"start":{"line":7,"column":12},"end":{"line":7,"column":49}},"5":{"start":{"line":8,"column":15},"end":{"line":8,"column":65}},"6":{"start":{"line":9,"column":11},"end":{"line":9,"column":13}},"7":{"start":{"line":12,"column":0},"end":{"line":16,"column":1}},"8":{"start":{"line":13,"column":2},"end":{"line":13,"column":74}},"9":{"start":{"line":15,"column":2},"end":{"line":15,"column":87}},"10":{"start":{"line":18,"column":0},"end":{"line":26,"column":5}},"11":{"start":{"line":21,"column":4},"end":{"line":21,"column":90}},"12":{"start":{"line":24,"column":18},"end":{"line":24,"column":85}},"13":{"start":{"line":25,"column":4},"end":{"line":25,"column":27}},"14":{"start":{"line":28,"column":0},"end":{"line":32,"column":3}},"15":{"start":{"line":29,"column":2},"end":{"line":31,"column":3}},"16":{"start":{"line":30,"column":4},"end":{"line":30,"column":32}},"17":{"start":{"line":34,"column":0},"end":{"line":34,"column":25}},"18":{"start":{"line":35,"column":0},"end":{"line":35,"column":25}},"19":{"start":{"line":37,"column":0},"end":{"line":37,"column":20}}},"fnMap":{"0":{"name":"(anonymous_0)","decl":{"start":{"line":20,"column":10},"end":{"line":20,"column":11}},"loc":{"start":{"line":20,"column":18},"end":{"line":22,"column":3}},"line":20},"1":{"name":"(anonymous_1)","decl":{"start":{"line":23,"column":11},"end":{"line":23,"column":12}},"loc":{"start":{"line":23,"column":19},"end":{"line":26,"column":3}},"line":23},"2":{"name":"(anonymous_2)","decl":{"start":{"line":28,"column":24},"end":{"line":28,"column":25}},"loc":{"start":{"line":28,"column":37},"end":{"line":32,"column":1}},"line":28}},"branchMap":{"0":{"loc":{"start":{"line":7,"column":12},"end":{"line":7,"column":49}},"type":"binary-expr","locations":[{"start":{"line":7,"column":12},"end":{"line":7,"column":32}},{"start":{"line":7,"column":36},"end":{"line":7,"column":49}}],"line":7},"1":{"loc":{"start":{"line":12,"column":0},"end":{"line":16,"column":1}},"type":"if","locations":[{"start":{"line":12,"column":0},"end":{"line":16,"column":1}},{"start":{"line":12,"column":0},"end":{"line":16,"column":1}}],"line":12},"2":{"loc":{"start":{"line":21,"column":11},"end":{"line":21,"column":89}},"type":"binary-expr","locations":[{"start":{"line":21,"column":12},"end":{"line":21,"column":35}},{"start":{"line":21,"column":41},"end":{"line":21,"column":58}},{"start":{"line":21,"column":64},"end":{"line":21,"column":88}}],"line":21},"3":{"loc":{"start":{"line":29,"column":2},"end":{"line":31,"column":3}},"type":"if","locations":[{"start":{"line":29,"column":2},"end":{"line":31,"column":3}},{"start":{"line":29,"column":2},"end":{"line":31,"column":3}}],"line":29}},"s":{"0":5,"1":5,"2":5,"3":5,"4":5,"5":5,"6":5,"7":5,"8":0,"9":5,"10":5,"11":30,"12":25,"13":25,"14":5,"15":25,"16":25,"17":5,"18":5,"19":5},"f":{"0":30,"1":25,"2":25},"b":{"0":[5,0],"1":[0,5],"2":[30,30,25],"3":[25,0]},"_coverageSchema":"1a1c01bbd47fc00a2c39e90264f33305004495a9","hash":"677886fe810eb3089ad9fd43db93e270d31c1aa2"}
,"/home/satriko/Documents/Hacktiv8/phase3/week3/c-tracker-SERVER/models/restaurant.js": {"path":"/home/satriko/Documents/Hacktiv8/phase3/week3/c-tracker-SERVER/models/restaurant.js","statementMap":{"0":{"start":{"line":4,"column":4},"end":{"line":4,"column":24}},"1":{"start":{"line":5,"column":0},"end":{"line":26,"column":2}},"2":{"start":{"line":14,"column":6},"end":{"line":14,"column":94}},"3":{"start":{"line":17,"column":2},"end":{"line":24,"column":5}},"4":{"start":{"line":25,"column":2},"end":{"line":25,"column":20}}},"fnMap":{"0":{"name":"(anonymous_0)","decl":{"start":{"line":5,"column":17},"end":{"line":5,"column":18}},"loc":{"start":{"line":5,"column":43},"end":{"line":26,"column":1}},"line":5},"1":{"name":"(anonymous_1)","decl":{"start":{"line":12,"column":4},"end":{"line":12,"column":5}},"loc":{"start":{"line":12,"column":29},"end":{"line":15,"column":5}},"line":12}},"branchMap":{},"s":{"0":5,"1":5,"2":5,"3":5,"4":5},"f":{"0":5,"1":5},"b":{},"_coverageSchema":"1a1c01bbd47fc00a2c39e90264f33305004495a9","hash":"c0d982c938ea63dd89129fdcbf5993b264eaf2d3"}
,"/home/satriko/Documents/Hacktiv8/phase3/week3/c-tracker-SERVER/models/user.js": {"path":"/home/satriko/Documents/Hacktiv8/phase3/week3/c-tracker-SERVER/models/user.js","statementMap":{"0":{"start":{"line":4,"column":4},"end":{"line":4,"column":24}},"1":{"start":{"line":6,"column":0},"end":{"line":116,"column":2}},"2":{"start":{"line":15,"column":6},"end":{"line":15,"column":100}},"3":{"start":{"line":16,"column":6},"end":{"line":16,"column":94}},"4":{"start":{"line":19,"column":2},"end":{"line":111,"column":5}},"5":{"start":{"line":115,"column":2},"end":{"line":115,"column":14}}},"fnMap":{"0":{"name":"(anonymous_0)","decl":{"start":{"line":6,"column":17},"end":{"line":6,"column":18}},"loc":{"start":{"line":6,"column":43},"end":{"line":116,"column":1}},"line":6},"1":{"name":"(anonymous_1)","decl":{"start":{"line":13,"column":4},"end":{"line":13,"column":5}},"loc":{"start":{"line":13,"column":29},"end":{"line":17,"column":5}},"line":13}},"branchMap":{},"s":{"0":5,"1":5,"2":5,"3":5,"4":5,"5":5},"f":{"0":5,"1":5},"b":{},"_coverageSchema":"1a1c01bbd47fc00a2c39e90264f33305004495a9","hash":"336ea2e68545a5993f8061cc51a4dbd281444082"}
,"/home/satriko/Documents/Hacktiv8/phase3/week3/c-tracker-SERVER/models/userhospital.js": {"path":"/home/satriko/Documents/Hacktiv8/phase3/week3/c-tracker-SERVER/models/userhospital.js","statementMap":{"0":{"start":{"line":4,"column":4},"end":{"line":4,"column":24}},"1":{"start":{"line":5,"column":0},"end":{"line":29,"column":2}},"2":{"start":{"line":14,"column":6},"end":{"line":14,"column":65}},"3":{"start":{"line":15,"column":6},"end":{"line":15,"column":73}},"4":{"start":{"line":18,"column":2},"end":{"line":27,"column":5}},"5":{"start":{"line":28,"column":2},"end":{"line":28,"column":22}}},"fnMap":{"0":{"name":"(anonymous_0)","decl":{"start":{"line":5,"column":17},"end":{"line":5,"column":18}},"loc":{"start":{"line":5,"column":43},"end":{"line":29,"column":1}},"line":5},"1":{"name":"(anonymous_1)","decl":{"start":{"line":12,"column":4},"end":{"line":12,"column":5}},"loc":{"start":{"line":12,"column":29},"end":{"line":16,"column":5}},"line":12}},"branchMap":{},"s":{"0":5,"1":5,"2":5,"3":5,"4":5,"5":5},"f":{"0":5,"1":5},"b":{},"_coverageSchema":"1a1c01bbd47fc00a2c39e90264f33305004495a9","hash":"9150dc530f4909f722e7185707b6258e1d988017"}
,"/home/satriko/Documents/Hacktiv8/phase3/week3/c-tracker-SERVER/models/userrestaurant.js": {"path":"/home/satriko/Documents/Hacktiv8/phase3/week3/c-tracker-SERVER/models/userrestaurant.js","statementMap":{"0":{"start":{"line":4,"column":4},"end":{"line":4,"column":24}},"1":{"start":{"line":5,"column":0},"end":{"line":26,"column":2}},"2":{"start":{"line":14,"column":6},"end":{"line":14,"column":67}},"3":{"start":{"line":15,"column":6},"end":{"line":15,"column":79}},"4":{"start":{"line":18,"column":2},"end":{"line":24,"column":5}},"5":{"start":{"line":25,"column":2},"end":{"line":25,"column":24}}},"fnMap":{"0":{"name":"(anonymous_0)","decl":{"start":{"line":5,"column":17},"end":{"line":5,"column":18}},"loc":{"start":{"line":5,"column":43},"end":{"line":26,"column":1}},"line":5},"1":{"name":"(anonymous_1)","decl":{"start":{"line":12,"column":4},"end":{"line":12,"column":5}},"loc":{"start":{"line":12,"column":29},"end":{"line":16,"column":5}},"line":12}},"branchMap":{},"s":{"0":5,"1":5,"2":5,"3":5,"4":5,"5":5},"f":{"0":5,"1":5},"b":{},"_coverageSchema":"1a1c01bbd47fc00a2c39e90264f33305004495a9","hash":"f7bf7544ba93ba6bfb6ee36776bf5f5ace6ec07b"}
,"/home/satriko/Documents/Hacktiv8/phase3/week3/c-tracker-SERVER/otp/config.js": {"path":"/home/satriko/Documents/Hacktiv8/phase3/week3/c-tracker-SERVER/otp/config.js","statementMap":{"0":{"start":{"line":1,"column":0},"end":{"line":5,"column":1}}},"fnMap":{},"branchMap":{},"s":{"0":5},"f":{},"b":{},"_coverageSchema":"1a1c01bbd47fc00a2c39e90264f33305004495a9","hash":"6ff3dde44556b5471f1ccc92059a2516e0320c5c"}
,"/home/satriko/Documents/Hacktiv8/phase3/week3/c-tracker-SERVER/routers/historyRouter.js": {"path":"/home/satriko/Documents/Hacktiv8/phase3/week3/c-tracker-SERVER/routers/historyRouter.js","statementMap":{"0":{"start":{"line":1,"column":15},"end":{"line":1,"column":42}},"1":{"start":{"line":2,"column":34},"end":{"line":2,"column":85}},"2":{"start":{"line":3,"column":32},"end":{"line":3,"column":81}},"3":{"start":{"line":5,"column":0},"end":{"line":5,"column":73}},"4":{"start":{"line":6,"column":0},"end":{"line":6,"column":61}},"5":{"start":{"line":7,"column":0},"end":{"line":7,"column":69}},"6":{"start":{"line":8,"column":0},"end":{"line":8,"column":57}},"7":{"start":{"line":10,"column":0},"end":{"line":10,"column":23}}},"fnMap":{},"branchMap":{},"s":{"0":5,"1":5,"2":5,"3":5,"4":5,"5":5,"6":5,"7":5},"f":{},"b":{},"_coverageSchema":"1a1c01bbd47fc00a2c39e90264f33305004495a9","hash":"338f2743f25a4d60e00a193b564e1a09e581c6a6"}
,"/home/satriko/Documents/Hacktiv8/phase3/week3/c-tracker-SERVER/routers/hospitalRouter.js": {"path":"/home/satriko/Documents/Hacktiv8/phase3/week3/c-tracker-SERVER/routers/hospitalRouter.js","statementMap":{"0":{"start":{"line":1,"column":15},"end":{"line":1,"column":42}},"1":{"start":{"line":2,"column":28},"end":{"line":2,"column":73}},"2":{"start":{"line":3,"column":32},"end":{"line":3,"column":81}},"3":{"start":{"line":5,"column":0},"end":{"line":5,"column":48}},"4":{"start":{"line":6,"column":0},"end":{"line":6,"column":62}},"5":{"start":{"line":7,"column":0},"end":{"line":7,"column":47}},"6":{"start":{"line":8,"column":0},"end":{"line":8,"column":80}},"7":{"start":{"line":10,"column":0},"end":{"line":10,"column":23}}},"fnMap":{},"branchMap":{},"s":{"0":5,"1":5,"2":5,"3":5,"4":5,"5":5,"6":5,"7":5},"f":{},"b":{},"_coverageSchema":"1a1c01bbd47fc00a2c39e90264f33305004495a9","hash":"905e29918fbbfe89f4e8671930bc0ce7b41e9128"}
,"/home/satriko/Documents/Hacktiv8/phase3/week3/c-tracker-SERVER/routers/index.js": {"path":"/home/satriko/Documents/Hacktiv8/phase3/week3/c-tracker-SERVER/routers/index.js","statementMap":{"0":{"start":{"line":1,"column":15},"end":{"line":1,"column":42}},"1":{"start":{"line":2,"column":19},"end":{"line":2,"column":42}},"2":{"start":{"line":3,"column":23},"end":{"line":3,"column":50}},"3":{"start":{"line":4,"column":25},"end":{"line":4,"column":54}},"4":{"start":{"line":5,"column":22},"end":{"line":5,"column":48}},"5":{"start":{"line":6,"column":17},"end":{"line":6,"column":38}},"6":{"start":{"line":7,"column":28},"end":{"line":7,"column":74}},"7":{"start":{"line":9,"column":0},"end":{"line":9,"column":27}},"8":{"start":{"line":10,"column":0},"end":{"line":10,"column":40}},"9":{"start":{"line":11,"column":0},"end":{"line":11,"column":44}},"10":{"start":{"line":12,"column":0},"end":{"line":12,"column":37}},"11":{"start":{"line":13,"column":0},"end":{"line":13,"column":27}},"12":{"start":{"line":14,"column":0},"end":{"line":14,"column":56}},"13":{"start":{"line":16,"column":0},"end":{"line":16,"column":23}}},"fnMap":{},"branchMap":{},"s":{"0":5,"1":5,"2":5,"3":5,"4":5,"5":5,"6":5,"7":5,"8":5,"9":5,"10":5,"11":5,"12":5,"13":5},"f":{},"b":{},"_coverageSchema":"1a1c01bbd47fc00a2c39e90264f33305004495a9","hash":"405dcffc4705db0bb7b021520aa2ebd9feb7aca8"}
,"/home/satriko/Documents/Hacktiv8/phase3/week3/c-tracker-SERVER/routers/qrRouter.js": {"path":"/home/satriko/Documents/Hacktiv8/phase3/week3/c-tracker-SERVER/routers/qrRouter.js","statementMap":{"0":{"start":{"line":1,"column":15},"end":{"line":1,"column":42}},"1":{"start":{"line":2,"column":30},"end":{"line":2,"column":77}},"2":{"start":{"line":3,"column":32},"end":{"line":3,"column":81}},"3":{"start":{"line":5,"column":0},"end":{"line":5,"column":59}},"4":{"start":{"line":6,"column":0},"end":{"line":6,"column":63}},"5":{"start":{"line":8,"column":0},"end":{"line":8,"column":23}}},"fnMap":{},"branchMap":{},"s":{"0":5,"1":5,"2":5,"3":5,"4":5,"5":5},"f":{},"b":{},"_coverageSchema":"1a1c01bbd47fc00a2c39e90264f33305004495a9","hash":"44330bf75bf9d2a1ff0ab5c1dda67c0e695c766c"}
,"/home/satriko/Documents/Hacktiv8/phase3/week3/c-tracker-SERVER/routers/restaurantRouter.js": {"path":"/home/satriko/Documents/Hacktiv8/phase3/week3/c-tracker-SERVER/routers/restaurantRouter.js","statementMap":{"0":{"start":{"line":1,"column":15},"end":{"line":1,"column":42}},"1":{"start":{"line":2,"column":29},"end":{"line":2,"column":75}},"2":{"start":{"line":4,"column":0},"end":{"line":4,"column":48}},"3":{"start":{"line":6,"column":0},"end":{"line":6,"column":23}}},"fnMap":{},"branchMap":{},"s":{"0":5,"1":5,"2":5,"3":5},"f":{},"b":{},"_coverageSchema":"1a1c01bbd47fc00a2c39e90264f33305004495a9","hash":"510ff7a8aaf3920d0b4873f0232207b7be1d422a"}
,"/home/satriko/Documents/Hacktiv8/phase3/week3/c-tracker-SERVER/routers/userRouter.js": {"path":"/home/satriko/Documents/Hacktiv8/phase3/week3/c-tracker-SERVER/routers/userRouter.js","statementMap":{"0":{"start":{"line":1,"column":15},"end":{"line":1,"column":42}},"1":{"start":{"line":2,"column":24},"end":{"line":2,"column":65}},"2":{"start":{"line":4,"column":0},"end":{"line":4,"column":50}},"3":{"start":{"line":5,"column":0},"end":{"line":5,"column":45}},"4":{"start":{"line":6,"column":0},"end":{"line":6,"column":46}},"5":{"start":{"line":7,"column":0},"end":{"line":7,"column":71}},"6":{"start":{"line":8,"column":0},"end":{"line":8,"column":47}},"7":{"start":{"line":10,"column":0},"end":{"line":10,"column":23}}},"fnMap":{},"branchMap":{},"s":{"0":5,"1":5,"2":5,"3":5,"4":5,"5":5,"6":5,"7":5},"f":{},"b":{},"_coverageSchema":"1a1c01bbd47fc00a2c39e90264f33305004495a9","hash":"3487a1aaad44ed380154dd7f32249ef1acd421a0"}
}
