TN:
SF:app.js
FNF:0
FNH:0
DA:1,5
DA:2,5
DA:3,5
DA:5,5
DA:6,5
DA:7,5
DA:8,5
DA:10,5
DA:11,5
DA:12,5
DA:14,5
DA:15,5
DA:16,5
DA:18,5
DA:19,5
DA:25,5
LF:16
LH:16
BRF:0
BRH:0
end_of_record
TN:
SF:controllers/CoviidDataController.js
FN:4,(anonymous_0)
FNF:1
FNH:1
FNDA:1,(anonymous_0)
DA:1,5
DA:5,1
DA:6,1
DA:7,1
DA:15,0
DA:16,0
DA:21,5
LF:7
LH:5
BRF:0
BRH:0
end_of_record
TN:
SF:controllers/HospitalControllers.js
FN:9,(anonymous_0)
FN:35,(anonymous_1)
FN:53,(anonymous_2)
FN:72,userList
FN:91,(anonymous_4)
FNF:5
FNH:5
FNDA:3,(anonymous_0)
FNDA:2,(anonymous_1)
FNDA:3,(anonymous_2)
FNDA:1,userList
FNDA:2,(anonymous_4)
DA:1,5
DA:2,5
DA:3,5
DA:4,5
DA:5,5
DA:6,5
DA:10,3
DA:11,3
DA:12,3
DA:13,3
DA:14,1
DA:16,2
DA:17,2
DA:18,1
DA:20,1
DA:25,1
DA:26,1
DA:30,2
DA:31,2
DA:36,2
DA:37,2
DA:38,2
DA:39,2
DA:40,1
DA:42,1
DA:50,1
DA:54,3
DA:55,3
DA:56,3
DA:57,2
DA:61,2
DA:62,1
DA:64,1
DA:73,1
DA:85,1
DA:87,1
DA:90,1
DA:91,1
DA:92,2
DA:94,1
DA:95,1
DA:98,1
DA:99,1
DA:104,5
LF:44
LH:44
BRDA:13,0,0,1
BRDA:13,0,1,2
BRDA:17,1,0,1
BRDA:17,1,1,1
BRDA:39,2,0,1
BRDA:39,2,1,1
BRDA:61,3,0,1
BRDA:61,3,1,1
BRF:8
BRH:8
end_of_record
TN:
SF:controllers/QrHospitalControllers.js
FN:7,(anonymous_0)
FN:25,(anonymous_1)
FNF:2
FNH:2
FNDA:2,(anonymous_0)
FNDA:1,(anonymous_1)
DA:1,5
DA:2,5
DA:3,5
DA:4,5
DA:8,2
DA:9,2
DA:10,2
DA:11,2
DA:12,1
DA:15,1
DA:23,1
DA:25,1
DA:30,1
DA:35,1
DA:40,5
LF:15
LH:15
BRDA:11,0,0,1
BRDA:11,0,1,1
BRF:2
BRH:2
end_of_record
TN:
SF:controllers/QrRestaurantControllers.js
FN:5,(anonymous_0)
FN:28,(anonymous_1)
FNF:2
FNH:2
FNDA:2,(anonymous_0)
FNDA:1,(anonymous_1)
DA:1,5
DA:2,5
DA:6,2
DA:7,2
DA:8,2
DA:9,2
DA:10,1
DA:13,1
DA:26,1
DA:28,1
DA:32,1
DA:37,1
DA:38,1
DA:43,5
LF:14
LH:14
BRDA:9,0,0,1
BRDA:9,0,1,1
BRF:2
BRH:2
end_of_record
TN:
SF:controllers/RestaurantController.js
FN:4,(anonymous_0)
FNF:1
FNH:1
FNDA:2,(anonymous_0)
DA:1,5
DA:5,2
DA:6,2
DA:7,2
DA:8,2
DA:9,1
DA:11,1
DA:18,1
DA:23,5
LF:9
LH:9
BRDA:8,0,0,1
BRDA:8,0,1,1
BRF:2
BRH:2
end_of_record
TN:
SF:controllers/UserControllers.js
FN:9,(anonymous_0)
FN:45,(anonymous_1)
FN:63,(anonymous_2)
FN:75,(anonymous_3)
FN:103,(anonymous_4)
FN:141,(anonymous_5)
FNF:6
FNH:5
FNDA:5,(anonymous_0)
FNDA:1,(anonymous_1)
FNDA:1,(anonymous_2)
FNDA:4,(anonymous_3)
FNDA:0,(anonymous_4)
FNDA:2,(anonymous_5)
DA:1,5
DA:2,5
DA:3,5
DA:4,5
DA:5,5
DA:10,5
DA:11,5
DA:12,5
DA:13,5
DA:14,1
DA:16,4
DA:17,4
DA:18,1
DA:20,3
DA:23,1
DA:26,1
DA:27,1
DA:36,1
DA:45,1
DA:46,1
DA:47,0
DA:49,1
DA:50,1
DA:60,4
DA:64,1
DA:65,1
DA:66,1
DA:73,1
DA:76,4
DA:77,4
DA:78,4
DA:79,4
DA:80,1
DA:81,3
DA:82,1
DA:84,2
DA:85,1
DA:87,1
DA:95,1
DA:99,3
DA:100,3
DA:104,0
DA:105,0
DA:106,0
DA:107,0
DA:115,0
DA:116,0
DA:118,0
DA:121,0
DA:125,0
DA:126,0
DA:138,0
DA:142,2
DA:143,2
DA:144,2
DA:151,1
DA:153,1
DA:154,1
DA:159,5
LF:59
LH:47
BRDA:13,0,0,1
BRDA:13,0,1,4
BRDA:17,1,0,1
BRDA:17,1,1,3
BRDA:46,2,0,0
BRDA:46,2,1,1
BRDA:79,3,0,1
BRDA:79,3,1,3
BRDA:81,4,0,1
BRDA:81,4,1,2
BRDA:84,5,0,1
BRDA:84,5,1,1
BRDA:115,6,0,0
BRDA:115,6,1,0
BRF:14
BRH:11
end_of_record
TN:
SF:controllers/UserHospitalControllers.js
FN:4,(anonymous_0)
FN:15,(anonymous_1)
FN:29,(anonymous_2)
FNF:3
FNH:3
FNDA:1,(anonymous_0)
FNDA:1,(anonymous_1)
FNDA:1,(anonymous_2)
DA:1,5
DA:5,1
DA:6,1
DA:7,1
DA:10,1
DA:12,0
DA:16,1
DA:17,1
DA:18,1
DA:24,1
DA:26,0
DA:30,1
DA:31,1
DA:32,1
DA:38,1
DA:40,0
DA:45,5
LF:17
LH:14
BRF:0
BRH:0
end_of_record
TN:
SF:controllers/UserRestaurantControllers.js
FN:4,(anonymous_0)
FN:15,(anonymous_1)
FNF:2
FNH:2
FNDA:1,(anonymous_0)
FNDA:1,(anonymous_1)
DA:1,5
DA:5,1
DA:6,1
DA:7,1
DA:10,1
DA:12,0
DA:16,1
DA:17,1
DA:18,1
DA:22,1
DA:24,0
DA:29,5
LF:12
LH:10
BRF:0
BRH:0
end_of_record
TN:
SF:helpers/bcrypt.js
FN:3,hashData
FN:8,compareHash
FNF:2
FNH:2
FNDA:1,hashData
FNDA:2,compareHash
DA:1,5
DA:4,1
DA:5,1
DA:9,2
DA:12,5
LF:5
LH:5
BRF:0
BRH:0
end_of_record
TN:
SF:helpers/jwt.js
FN:3,generateToken
FN:7,verifyToken
FNF:2
FNH:2
FNDA:3,generateToken
FNDA:1,verifyToken
DA:1,5
DA:4,3
DA:8,1
DA:11,5
LF:4
LH:4
BRF:0
BRH:0
end_of_record
TN:
SF:helpers/notification.js
FN:2,sendPushNotification
FN:20,(anonymous_1)
FN:23,(anonymous_2)
FNF:3
FNH:0
FNDA:0,sendPushNotification
FNDA:0,(anonymous_1)
FNDA:0,(anonymous_2)
DA:1,5
DA:3,0
DA:12,0
DA:21,0
DA:24,0
DA:29,5
LF:6
LH:2
BRF:0
BRH:0
end_of_record
TN:
SF:middlewares/errorHandler.js
FN:1,errorHandler
FN:7,(anonymous_1)
FNF:2
FNH:2
FNDA:15,errorHandler
FNDA:3,(anonymous_1)
DA:2,15
DA:3,15
DA:5,15
DA:6,2
DA:7,2
DA:8,3
DA:10,13
DA:11,1
DA:12,1
DA:13,12
DA:14,1
DA:15,1
DA:16,11
DA:17,1
DA:18,1
DA:19,10
DA:20,0
DA:21,0
DA:22,10
DA:23,2
DA:24,2
DA:25,8
DA:26,4
DA:27,4
DA:28,4
DA:29,1
DA:30,1
DA:31,3
DA:32,1
DA:33,1
DA:35,2
DA:37,15
DA:40,5
LF:33
LH:31
BRDA:5,0,0,2
BRDA:5,0,1,13
BRDA:10,1,0,1
BRDA:10,1,1,12
BRDA:13,2,0,1
BRDA:13,2,1,11
BRDA:16,3,0,1
BRDA:16,3,1,10
BRDA:19,4,0,0
BRDA:19,4,1,10
BRDA:22,5,0,2
BRDA:22,5,1,8
BRDA:25,6,0,4
BRDA:25,6,1,4
BRDA:28,7,0,1
BRDA:28,7,1,3
BRDA:31,8,0,1
BRDA:31,8,1,2
BRF:18
BRH:17
end_of_record
TN:
SF:models/hospital.js
FN:5,(anonymous_0)
FN:12,(anonymous_1)
FNF:2
FNH:2
FNDA:5,(anonymous_0)
FNDA:5,(anonymous_1)
DA:4,5
DA:5,5
DA:14,5
DA:17,5
DA:26,5
LF:5
LH:5
BRF:0
BRH:0
end_of_record
TN:
SF:models/index.js
FN:20,(anonymous_0)
FN:23,(anonymous_1)
FN:28,(anonymous_2)
FNF:3
FNH:3
FNDA:30,(anonymous_0)
FNDA:25,(anonymous_1)
FNDA:25,(anonymous_2)
DA:3,5
DA:4,5
DA:5,5
DA:6,5
DA:7,5
DA:8,5
DA:9,5
DA:12,5
DA:13,0
DA:15,5
DA:18,5
DA:21,30
DA:24,25
DA:25,25
DA:28,5
DA:29,25
DA:30,25
DA:34,5
DA:35,5
DA:37,5
LF:20
LH:19
BRDA:7,0,0,5
BRDA:7,0,1,0
BRDA:12,1,0,0
BRDA:12,1,1,5
BRDA:21,2,0,30
BRDA:21,2,1,30
BRDA:21,2,2,25
BRDA:29,3,0,25
BRDA:29,3,1,0
BRF:9
BRH:6
end_of_record
TN:
SF:models/restaurant.js
FN:5,(anonymous_0)
FN:12,(anonymous_1)
FNF:2
FNH:2
FNDA:5,(anonymous_0)
FNDA:5,(anonymous_1)
DA:4,5
DA:5,5
DA:14,5
DA:17,5
DA:25,5
LF:5
LH:5
BRF:0
BRH:0
end_of_record
TN:
SF:models/user.js
FN:6,(anonymous_0)
FN:13,(anonymous_1)
FNF:2
FNH:2
FNDA:5,(anonymous_0)
FNDA:5,(anonymous_1)
DA:4,5
DA:6,5
DA:15,5
DA:16,5
DA:19,5
DA:115,5
LF:6
LH:6
BRF:0
BRH:0
end_of_record
TN:
SF:models/userhospital.js
FN:5,(anonymous_0)
FN:12,(anonymous_1)
FNF:2
FNH:2
FNDA:5,(anonymous_0)
FNDA:5,(anonymous_1)
DA:4,5
DA:5,5
DA:14,5
DA:15,5
DA:18,5
DA:28,5
LF:6
LH:6
BRF:0
BRH:0
end_of_record
TN:
SF:models/userrestaurant.js
FN:5,(anonymous_0)
FN:12,(anonymous_1)
FNF:2
FNH:2
FNDA:5,(anonymous_0)
FNDA:5,(anonymous_1)
DA:4,5
DA:5,5
DA:14,5
DA:15,5
DA:18,5
DA:25,5
LF:6
LH:6
BRF:0
BRH:0
end_of_record
TN:
SF:otp/config.js
FNF:0
FNH:0
DA:1,5
LF:1
LH:1
BRF:0
BRH:0
end_of_record
TN:
SF:routers/historyRouter.js
FNF:0
FNH:0
DA:1,5
DA:2,5
DA:3,5
DA:5,5
DA:6,5
DA:7,5
DA:8,5
DA:10,5
LF:8
LH:8
BRF:0
BRH:0
end_of_record
TN:
SF:routers/hospitalRouter.js
FNF:0
FNH:0
DA:1,5
DA:2,5
DA:3,5
DA:5,5
DA:6,5
DA:7,5
DA:8,5
DA:10,5
LF:8
LH:8
BRF:0
BRH:0
end_of_record
TN:
SF:routers/index.js
FNF:0
FNH:0
DA:1,5
DA:2,5
DA:3,5
DA:4,5
DA:5,5
DA:6,5
DA:7,5
DA:9,5
DA:10,5
DA:11,5
DA:12,5
DA:13,5
DA:14,5
DA:16,5
LF:14
LH:14
BRF:0
BRH:0
end_of_record
TN:
SF:routers/qrRouter.js
FNF:0
FNH:0
DA:1,5
DA:2,5
DA:3,5
DA:5,5
DA:6,5
DA:8,5
LF:6
LH:6
BRF:0
BRH:0
end_of_record
TN:
SF:routers/restaurantRouter.js
FNF:0
FNH:0
DA:1,5
DA:2,5
DA:4,5
DA:6,5
LF:4
LH:4
BRF:0
BRH:0
end_of_record
TN:
SF:routers/userRouter.js
FNF:0
FNH:0
DA:1,5
DA:2,5
DA:4,5
DA:5,5
DA:6,5
DA:7,5
DA:8,5
DA:10,5
LF:8
LH:8
BRF:0
BRH:0
end_of_record
